1541675701719	geckodriver	INFO	geckodriver 0.21.0
1541675701751	geckodriver	INFO	Listening on 127.0.0.1:58861
1541675702692	mozrunner::runner	INFO	Running command: "/usr/bin/firefox" "-marionette" "-foreground" "-no-remote" "-profile" "/tmp/rust_mozprofile.8qOU08Z34NCW"
1541675709189	Marionette	DEBUG	Received observer notification profile-after-change
1541675709670	Marionette	DEBUG	Received observer notification command-line-startup
1541675709673	Marionette	DEBUG	Received observer notification nsPref:changed
1541675709674	Marionette	DEBUG	Init aborted (running=false, enabled=true, finalUIStartup=false)

(firefox:2262): Gtk-WARNING **: 11:15:09.859: Theme parsing error: <data>:1:34: Expected ')' in color definition

(firefox:2262): Gtk-WARNING **: 11:15:09.860: Theme parsing error: <data>:1:77: Expected ')' in color definition
1541675710439	Marionette	DEBUG	Received observer notification toplevel-window-ready
1541675713430	Marionette	DEBUG	Received observer notification sessionstore-windows-restored
1541675713430	Marionette	DEBUG	Waiting for delayed startup...
1541675714570	Marionette	DEBUG	Setting recommended pref app.update.disabledForTesting to true
1541675714571	Marionette	DEBUG	Setting recommended pref security.turn_off_all_security_so_that_viruses_can_take_over_this_computer to true
1541675714575	Marionette	DEBUG	Setting recommended pref apz.content_response_timeout to 60000
1541675714577	Marionette	DEBUG	Setting recommended pref browser.download.panel.shown to true
1541675714578	Marionette	DEBUG	Setting recommended pref browser.pagethumbnails.capturing_disabled to true
1541675714581	Marionette	DEBUG	Setting recommended pref browser.search.update to false
1541675714582	Marionette	DEBUG	Setting recommended pref toolkit.cosmeticAnimations.enabled to false
1541675714583	Marionette	DEBUG	Setting recommended pref browser.tabs.disableBackgroundZombification to false
1541675714583	Marionette	DEBUG	Setting recommended pref browser.tabs.warnOnCloseOtherTabs to false
1541675714583	Marionette	DEBUG	Setting recommended pref browser.tabs.warnOnOpen to false
1541675714584	Marionette	DEBUG	Setting recommended pref browser.usedOnWindows10.introURL to 
1541675714584	Marionette	DEBUG	Setting recommended pref browser.urlbar.suggest.searches to false
1541675714585	Marionette	DEBUG	Setting recommended pref datareporting.policy.dataSubmissionPolicyAccepted to false
1541675714586	Marionette	DEBUG	Setting recommended pref dom.disable_beforeunload to true
1541675714586	Marionette	DEBUG	Setting recommended pref dom.disable_open_during_load to false
1541675714586	Marionette	DEBUG	Setting recommended pref dom.file.createInChild to true
1541675714587	Marionette	DEBUG	Setting recommended pref dom.max_chrome_script_run_time to 0
1541675714587	Marionette	DEBUG	Setting recommended pref dom.max_script_run_time to 0
1541675714588	Marionette	DEBUG	Setting recommended pref extensions.getAddons.cache.enabled to false
1541675714588	Marionette	DEBUG	Setting recommended pref extensions.webservice.discoverURL to http://%(server)s/dummy/discoveryURL
1541675714588	Marionette	DEBUG	Setting recommended pref network.http.prompt-temp-redirect to false
1541675714588	Marionette	DEBUG	Setting recommended pref network.http.speculative-parallel-limit to 0
1541675714589	Marionette	DEBUG	Setting recommended pref security.fileuri.strict_origin_policy to false
1541675714590	Marionette	DEBUG	Setting recommended pref security.notification_enable_delay to 0
1541675714591	Marionette	DEBUG	Setting recommended pref signon.autofillForms to false
1541675714591	Marionette	DEBUG	Setting recommended pref signon.rememberSignons to false
1541675714718	Marionette	INFO	Listening on port 45389
1541675714718	Marionette	DEBUG	Remote service is active
1541675714829	Marionette	DEBUG	Accepted connection 0 from 127.0.0.1:48180
1541675714858	Marionette	TRACE	0 -> [0,1,"WebDriver:NewSession",{"acceptInsecureCerts":true,"browserName":"firefox","capabilities":{"desiredCapabilities":{"acceptInsecureCerts":true,"browserName":"firefox"}}}]
1541675714859	Marionette	WARN	TLS certificate errors will be ignored for this session
1541675714927	Marionette	DEBUG	[4294967297] Frame script loaded
1541675715135	Marionette	DEBUG	[4294967297] Frame script registered
1541675715169	Marionette	TRACE	0 <- [1,1,null,{"sessionId":"3eaac6a1-beb7-403f-9598-f1b96458cd62","capabilities":{"browserName":"firefox","browserVersion":"63.0" ... alse,"moz:webdriverClick":true,"capabilities":{"desiredCapabilities":{"acceptInsecureCerts":true,"browserName":"firefox"}}}}]
1541675715221	Marionette	TRACE	0 -> [0,2,"WebDriver:Navigate",{"url":"http://lists.ga"}]
1541675715266	Marionette	DEBUG	[4294967297] Received DOM event beforeunload for about:blank
1541675715719	Marionette	DEBUG	[4294967297] Received DOM event pagehide for about:blank
1541675715815	Marionette	DEBUG	[4294967297] Received DOM event DOMContentLoaded for http://lists.ga/
1541675716232	Marionette	DEBUG	[4294967297] Received DOM event pageshow for http://lists.ga/
1541675716236	Marionette	TRACE	0 <- [1,2,null,{"value":null}]
1541675716294	Marionette	TRACE	0 -> [0,3,"WebDriver:GetTitle",{}]
1541675716297	Marionette	TRACE	0 <- [1,3,null,{"value":"To-Do lists"}]
1541675716308	Marionette	TRACE	0 -> [0,4,"WebDriver:FindElement",{"using":"css selector","value":"h1"}]
1541675716320	Marionette	TRACE	0 <- [1,4,null,{"value":{"element-6066-11e4-a52e-4f735466cecf":"d6710696-c84b-4664-af24-a2dd420e12d1"}}]
1541675716326	Marionette	TRACE	0 -> [0,5,"WebDriver:GetElementText",{"id":"d6710696-c84b-4664-af24-a2dd420e12d1"}]
1541675716420	Marionette	TRACE	0 <- [1,5,null,{"value":"Start a new To-Do list"}]
1541675716427	Marionette	TRACE	0 -> [0,6,"WebDriver:FindElement",{"using":"css selector","value":"[id=\"id_new_item\"]"}]
1541675716433	Marionette	TRACE	0 <- [1,6,null,{"value":{"element-6066-11e4-a52e-4f735466cecf":"f0dba009-45b5-4fab-9be6-f40b9638e010"}}]
1541675716441	Marionette	TRACE	0 -> [0,7,"WebDriver:ExecuteScript",{"args":[{"ELEMENT":"f0dba009-45b5-4fab-9be6-f40b9638e010","element-6066-11e4-a52e-4f735466cec ... dow!='undefined'?window.document:null}, arguments);}\n).apply(null, arguments);","scriptTimeout":null,"specialPowers":false}]
1541675716458	Marionette	TRACE	0 <- [1,7,null,{"value":"Enter a to-do item"}]
1541675716466	Marionette	TRACE	0 -> [0,8,"WebDriver:ElementSendKeys",{"id":"f0dba009-45b5-4fab-9be6-f40b9638e010","text":"Купить павлиньи перья","value":["К","у","п","и","т","ь"," ","п","а","в","л","и","н","ь","и"," ","п","е","р","ь","я"]}]
1541675716547	Marionette	TRACE	0 <- [1,8,null,{"value":null}]
1541675716550	Marionette	TRACE	0 -> [0,9,"WebDriver:ElementSendKeys",{"id":"f0dba009-45b5-4fab-9be6-f40b9638e010","text":"","value":[""]}]
1541675716637	Marionette	TRACE	0 <- [1,9,null,{"value":null}]
1541675716647	Marionette	TRACE	0 -> [0,10,"WebDriver:FindElement",{"using":"css selector","value":"[id=\"id_list_table\"]"}]
1541675716668	Marionette	TRACE	0 <- [1,10,{"error":"no such element","message":"Unable to locate element: [id=\"id_list_table\"]","stacktrace":"WebDriverError@ch ... entError@chrome://marionette/content/error.js:388:5\nelement.find/</<@chrome://marionette/content/element.js:339:16\n"},null]
1541675717178	Marionette	TRACE	0 -> [0,11,"WebDriver:FindElement",{"using":"css selector","value":"[id=\"id_list_table\"]"}]
1541675717182	Marionette	TRACE	0 <- [1,11,{"error":"no such element","message":"Unable to locate element: [id=\"id_list_table\"]","stacktrace":"WebDriverError@ch ... entError@chrome://marionette/content/error.js:388:5\nelement.find/</<@chrome://marionette/content/element.js:339:16\n"},null]
1541675717685	Marionette	TRACE	0 -> [0,12,"WebDriver:FindElement",{"using":"css selector","value":"[id=\"id_list_table\"]"}]
1541675717708	Marionette	TRACE	0 <- [1,12,null,{"value":{"element-6066-11e4-a52e-4f735466cecf":"29f26660-5a6b-49ca-baa8-d6f348f7bdc8"}}]
1541675717712	Marionette	TRACE	0 -> [0,13,"WebDriver:FindElements",{"element":"29f26660-5a6b-49ca-baa8-d6f348f7bdc8","using":"css selector","value":"tr"}]
1541675717827	Marionette	TRACE	0 <- [1,13,null,[{"element-6066-11e4-a52e-4f735466cecf":"ff829dab-49e8-4fe5-b74f-4b30561da87c"}]]
1541675717831	Marionette	TRACE	0 -> [0,14,"WebDriver:GetElementText",{"id":"ff829dab-49e8-4fe5-b74f-4b30561da87c"}]
1541675717888	Marionette	TRACE	0 <- [1,14,null,{"value":"1: Купить павлиньи перья"}]
1541675717895	Marionette	TRACE	0 -> [0,15,"WebDriver:FindElement",{"using":"css selector","value":"[id=\"id_new_item\"]"}]
1541675717933	Marionette	TRACE	0 <- [1,15,null,{"value":{"element-6066-11e4-a52e-4f735466cecf":"7f3c9673-87fc-4b31-a959-ce39c889fc88"}}]
1541675717938	Marionette	TRACE	0 -> [0,16,"WebDriver:ElementSendKeys",{"id":"7f3c9673-87fc-4b31-a959-ce39c889fc88","text":"Сделать мушку из павлиньих перьев","va ... е","л","а","т","ь"," ","м","у","ш","к","у"," ","и","з"," ","п","а","в","л","и","н","ь","и","х"," ","п","е","р","ь","е","в"]}]
1541675717979	Marionette	TRACE	0 <- [1,16,null,{"value":null}]
1541675717987	Marionette	TRACE	0 -> [0,17,"WebDriver:ElementSendKeys",{"id":"7f3c9673-87fc-4b31-a959-ce39c889fc88","text":"","value":[""]}]
1541675718057	Marionette	TRACE	0 <- [1,17,null,{"value":null}]
1541675718085	Marionette	TRACE	0 -> [0,18,"WebDriver:FindElement",{"using":"css selector","value":"[id=\"id_list_table\"]"}]
1541675718128	Marionette	TRACE	0 <- [1,18,null,{"value":{"element-6066-11e4-a52e-4f735466cecf":"29f26660-5a6b-49ca-baa8-d6f348f7bdc8"}}]
1541675718135	Marionette	TRACE	0 -> [0,19,"WebDriver:FindElements",{"element":"29f26660-5a6b-49ca-baa8-d6f348f7bdc8","using":"css selector","value":"tr"}]
1541675718180	Marionette	TRACE	0 <- [1,19,null,[{"element-6066-11e4-a52e-4f735466cecf":"ff829dab-49e8-4fe5-b74f-4b30561da87c"}]]
1541675718190	Marionette	TRACE	0 -> [0,20,"WebDriver:GetElementText",{"id":"ff829dab-49e8-4fe5-b74f-4b30561da87c"}]
1541675718287	Marionette	TRACE	0 <- [1,20,{"error":"stale element reference","message":"The element reference of <tr> is stale; either the element is no longer a ... ch/</req<@chrome://marionette/content/listener.js:478:20\ndispatch/<@chrome://marionette/content/listener.js:477:15\n"},null]
1541675718842	Marionette	TRACE	0 -> [0,21,"WebDriver:FindElement",{"using":"css selector","value":"[id=\"id_list_table\"]"}]
1541675718847	Marionette	TRACE	0 <- [1,21,null,{"value":{"element-6066-11e4-a52e-4f735466cecf":"0e0dc51a-7ec7-48eb-ae90-458809a59df5"}}]
1541675718851	Marionette	TRACE	0 -> [0,22,"WebDriver:FindElements",{"element":"0e0dc51a-7ec7-48eb-ae90-458809a59df5","using":"css selector","value":"tr"}]
1541675718860	Marionette	TRACE	0 <- [1,22,null,[{"element-6066-11e4-a52e-4f735466cecf":"03416e18-253f-46a3-b3bc-de14eb4a5ba2"},{"element-6066-11e4-a52e-4f735466cecf":"580e8c61-2001-4501-b430-a5628f811f08"}]]
1541675718872	Marionette	TRACE	0 -> [0,23,"WebDriver:GetElementText",{"id":"03416e18-253f-46a3-b3bc-de14eb4a5ba2"}]
1541675718885	Marionette	TRACE	0 <- [1,23,null,{"value":"1: Купить павлиньи перья"}]
1541675718891	Marionette	TRACE	0 -> [0,24,"WebDriver:GetElementText",{"id":"580e8c61-2001-4501-b430-a5628f811f08"}]
1541675718911	Marionette	TRACE	0 <- [1,24,null,{"value":"2: Сделать мушку из павлиньих перьев"}]
1541675718914	Marionette	TRACE	0 -> [0,25,"WebDriver:FindElement",{"using":"css selector","value":"[id=\"id_list_table\"]"}]
1541675718919	Marionette	TRACE	0 <- [1,25,null,{"value":{"element-6066-11e4-a52e-4f735466cecf":"0e0dc51a-7ec7-48eb-ae90-458809a59df5"}}]
1541675718924	Marionette	TRACE	0 -> [0,26,"WebDriver:FindElements",{"element":"0e0dc51a-7ec7-48eb-ae90-458809a59df5","using":"css selector","value":"tr"}]
1541675718931	Marionette	TRACE	0 <- [1,26,null,[{"element-6066-11e4-a52e-4f735466cecf":"03416e18-253f-46a3-b3bc-de14eb4a5ba2"},{"element-6066-11e4-a52e-4f735466cecf":"580e8c61-2001-4501-b430-a5628f811f08"}]]
1541675718934	Marionette	TRACE	0 -> [0,27,"WebDriver:GetElementText",{"id":"03416e18-253f-46a3-b3bc-de14eb4a5ba2"}]
1541675718979	Marionette	TRACE	0 <- [1,27,null,{"value":"1: Купить павлиньи перья"}]
1541675718982	Marionette	TRACE	0 -> [0,28,"WebDriver:GetElementText",{"id":"580e8c61-2001-4501-b430-a5628f811f08"}]
1541675718995	Marionette	TRACE	0 <- [1,28,null,{"value":"2: Сделать мушку из павлиньих перьев"}]
1541675718999	Marionette	TRACE	0 -> [0,29,"Marionette:Quit",{"flags":["eForceQuit"]}]
1541675719001	Marionette	INFO	Stopped listening on port 45389
1541675719136	Marionette	TRACE	0 <- [1,29,null,{"cause":"shutdown"}]
1541675719233	Marionette	TRACE	0 -> [0,30,"Marionette:Quit",{"flags":["eForceQuit"]}]
1541675719236	Marionette	TRACE	0 <- [1,30,{"error":"invalid session id","message":"Tried to run command without establishing a connection","stacktrace":"WebDrive ... et@chrome://marionette/content/server.js:245:8\n_onJSONObjectReady/<@chrome://marionette/content/transport.js:490:9\n"},null]
1541675719287	Marionette	DEBUG	Closed connection 0
[Parent 2262, Gecko_IOThread] WARNING: pipe error (76): Соединение разорвано другой стороной: file /build/firefox-4VfQCB/firefox-63.0+build2/ipc/chromium/src/chrome/common/ipc_channel_posix.cc, line 356
[Parent 2262, Gecko_IOThread] WARNING: pipe error (62): Соединение разорвано другой стороной: file /build/firefox-4VfQCB/firefox-63.0+build2/ipc/chromium/src/chrome/common/ipc_channel_posix.cc, line 356
1541675719721	Marionette	DEBUG	Received observer notification xpcom-will-shutdown
1541675719723	Marionette	DEBUG	Resetting recommended pref app.update.disabledForTesting
1541675719726	Marionette	DEBUG	Resetting recommended pref security.turn_off_all_security_so_that_viruses_can_take_over_this_computer
1541675719730	Marionette	DEBUG	Resetting recommended pref apz.content_response_timeout
1541675719730	Marionette	DEBUG	Resetting recommended pref browser.download.panel.shown
1541675719731	Marionette	DEBUG	Resetting recommended pref browser.pagethumbnails.capturing_disabled
1541675719731	Marionette	DEBUG	Resetting recommended pref browser.search.update
1541675719731	Marionette	DEBUG	Resetting recommended pref toolkit.cosmeticAnimations.enabled
1541675719731	Marionette	DEBUG	Resetting recommended pref browser.tabs.disableBackgroundZombification
1541675719731	Marionette	DEBUG	Resetting recommended pref browser.tabs.warnOnCloseOtherTabs
1541675719732	Marionette	DEBUG	Resetting recommended pref browser.tabs.warnOnOpen
1541675719732	Marionette	DEBUG	Resetting recommended pref browser.usedOnWindows10.introURL
1541675719732	Marionette	DEBUG	Resetting recommended pref browser.urlbar.suggest.searches
1541675719733	Marionette	DEBUG	Resetting recommended pref datareporting.policy.dataSubmissionPolicyAccepted
1541675719733	Marionette	DEBUG	Resetting recommended pref dom.disable_beforeunload
1541675719733	Marionette	DEBUG	Resetting recommended pref dom.disable_open_during_load
1541675719733	Marionette	DEBUG	Resetting recommended pref dom.file.createInChild
1541675719734	Marionette	DEBUG	Resetting recommended pref dom.max_chrome_script_run_time
1541675719734	Marionette	DEBUG	Resetting recommended pref dom.max_script_run_time
1541675719734	Marionette	DEBUG	Resetting recommended pref extensions.getAddons.cache.enabled
1541675719734	Marionette	DEBUG	Resetting recommended pref extensions.webservice.discoverURL
1541675719734	Marionette	DEBUG	Resetting recommended pref network.http.prompt-temp-redirect
1541675719734	Marionette	DEBUG	Resetting recommended pref network.http.speculative-parallel-limit
1541675719734	Marionette	DEBUG	Resetting recommended pref security.fileuri.strict_origin_policy
1541675719735	Marionette	DEBUG	Resetting recommended pref security.notification_enable_delay
1541675719735	Marionette	DEBUG	Resetting recommended pref signon.autofillForms
1541675719735	Marionette	DEBUG	Resetting recommended pref signon.rememberSignons
1541675719735	Marionette	DEBUG	Remote service is inactive
1541675720411	geckodriver	INFO	geckodriver 0.21.0
1541675720419	geckodriver	INFO	Listening on 127.0.0.1:35481
1541675721422	mozrunner::runner	INFO	Running command: "/usr/bin/firefox" "-marionette" "-foreground" "-no-remote" "-profile" "/tmp/rust_mozprofile.xAZRn1qzKAZd"
1541675722741	Marionette	DEBUG	Received observer notification profile-after-change
1541675723278	Marionette	DEBUG	Received observer notification command-line-startup
1541675723278	Marionette	DEBUG	Received observer notification nsPref:changed
1541675723278	Marionette	DEBUG	Init aborted (running=false, enabled=true, finalUIStartup=false)

(firefox:2544): Gtk-WARNING **: 11:15:23.380: Theme parsing error: <data>:1:34: Expected ')' in color definition

(firefox:2544): Gtk-WARNING **: 11:15:23.380: Theme parsing error: <data>:1:77: Expected ')' in color definition
1541675723858	Marionette	DEBUG	Received observer notification toplevel-window-ready
1541675726288	Marionette	DEBUG	Received observer notification sessionstore-windows-restored
1541675726290	Marionette	DEBUG	Waiting for delayed startup...
1541675727023	Marionette	DEBUG	Setting recommended pref app.update.disabledForTesting to true
1541675727024	Marionette	DEBUG	Setting recommended pref security.turn_off_all_security_so_that_viruses_can_take_over_this_computer to true
1541675727037	Marionette	DEBUG	Setting recommended pref apz.content_response_timeout to 60000
1541675727040	Marionette	DEBUG	Setting recommended pref browser.download.panel.shown to true
1541675727042	Marionette	DEBUG	Setting recommended pref browser.pagethumbnails.capturing_disabled to true
1541675727052	Marionette	DEBUG	Setting recommended pref browser.search.update to false
1541675727054	Marionette	DEBUG	Setting recommended pref toolkit.cosmeticAnimations.enabled to false
1541675727056	Marionette	DEBUG	Setting recommended pref browser.tabs.disableBackgroundZombification to false
1541675727057	Marionette	DEBUG	Setting recommended pref browser.tabs.warnOnCloseOtherTabs to false
1541675727057	Marionette	DEBUG	Setting recommended pref browser.tabs.warnOnOpen to false
1541675727058	Marionette	DEBUG	Setting recommended pref browser.usedOnWindows10.introURL to 
1541675727059	Marionette	DEBUG	Setting recommended pref browser.urlbar.suggest.searches to false
1541675727061	Marionette	DEBUG	Setting recommended pref datareporting.policy.dataSubmissionPolicyAccepted to false
1541675727062	Marionette	DEBUG	Setting recommended pref dom.disable_beforeunload to true
1541675727063	Marionette	DEBUG	Setting recommended pref dom.disable_open_during_load to false
1541675727067	Marionette	DEBUG	Setting recommended pref dom.file.createInChild to true
1541675727069	Marionette	DEBUG	Setting recommended pref dom.max_chrome_script_run_time to 0
1541675727071	Marionette	DEBUG	Setting recommended pref dom.max_script_run_time to 0
1541675727075	Marionette	DEBUG	Setting recommended pref extensions.getAddons.cache.enabled to false
1541675727076	Marionette	DEBUG	Setting recommended pref extensions.webservice.discoverURL to http://%(server)s/dummy/discoveryURL
1541675727078	Marionette	DEBUG	Setting recommended pref network.http.prompt-temp-redirect to false
1541675727078	Marionette	DEBUG	Setting recommended pref network.http.speculative-parallel-limit to 0
1541675727090	Marionette	DEBUG	Setting recommended pref security.fileuri.strict_origin_policy to false
1541675727092	Marionette	DEBUG	Setting recommended pref security.notification_enable_delay to 0
1541675727093	Marionette	DEBUG	Setting recommended pref signon.autofillForms to false
1541675727093	Marionette	DEBUG	Setting recommended pref signon.rememberSignons to false
1541675727264	Marionette	INFO	Listening on port 44723
1541675727267	Marionette	DEBUG	Remote service is active
1541675727391	Marionette	DEBUG	Accepted connection 0 from 127.0.0.1:33446
1541675727519	Marionette	TRACE	0 -> [0,1,"WebDriver:NewSession",{"acceptInsecureCerts":true,"browserName":"firefox","capabilities":{"desiredCapabilities":{"acceptInsecureCerts":true,"browserName":"firefox"}}}]
1541675727526	Marionette	WARN	TLS certificate errors will be ignored for this session
1541675727716	Marionette	DEBUG	[4294967297] Frame script loaded
1541675727737	Marionette	DEBUG	[4294967297] Frame script registered
1541675727753	Marionette	TRACE	0 <- [1,1,null,{"sessionId":"c985233e-076b-4788-a690-9de521691d4a","capabilities":{"browserName":"firefox","browserVersion":"63.0" ... alse,"moz:webdriverClick":true,"capabilities":{"desiredCapabilities":{"acceptInsecureCerts":true,"browserName":"firefox"}}}}]
1541675727805	Marionette	TRACE	0 -> [0,2,"WebDriver:Navigate",{"url":"http://lists.ga"}]
1541675727831	Marionette	DEBUG	[4294967297] Received DOM event beforeunload for about:blank
1541675728074	Marionette	DEBUG	[4294967297] Received DOM event pagehide for about:blank
1541675728192	Marionette	DEBUG	[4294967297] Received DOM event DOMContentLoaded for http://lists.ga/
1541675728562	Marionette	DEBUG	[4294967297] Received DOM event pageshow for http://lists.ga/
1541675728575	Marionette	TRACE	0 <- [1,2,null,{"value":null}]
1541675728629	Marionette	TRACE	0 -> [0,3,"WebDriver:SetWindowRect",{"height":768,"width":1024,"x":null,"y":null}]
1541675729463	Marionette	TRACE	0 <- [1,3,null,{"x":117,"y":27,"width":512,"height":404,"state":"normal"}]
1541675729481	Marionette	TRACE	0 -> [0,4,"WebDriver:FindElement",{"using":"css selector","value":"[id=\"id_new_item\"]"}]
1541675729498	Marionette	TRACE	0 <- [1,4,null,{"value":{"element-6066-11e4-a52e-4f735466cecf":"a5b31a32-9bc8-473e-812d-68c2f92fe494"}}]
1541675729503	Marionette	TRACE	0 -> [0,5,"WebDriver:GetElementRect",{"id":"a5b31a32-9bc8-473e-812d-68c2f92fe494"}]
1541675729525	Marionette	TRACE	0 <- [1,5,null,{"x":15,"y":99.60000610351562,"width":482,"height":46}]
1541675729542	Marionette	TRACE	0 -> [0,6,"WebDriver:GetElementRect",{"id":"a5b31a32-9bc8-473e-812d-68c2f92fe494"}]
1541675729548	Marionette	TRACE	0 <- [1,6,null,{"x":15,"y":99.60000610351562,"width":482,"height":46}]
1541675729554	Marionette	TRACE	0 -> [0,7,"Marionette:Quit",{"flags":["eForceQuit"]}]
1541675729556	Marionette	INFO	Stopped listening on port 44723
1541675729816	Marionette	TRACE	0 <- [1,7,null,{"cause":"shutdown"}]
1541675730014	Marionette	TRACE	0 -> [0,8,"Marionette:Quit",{"flags":["eForceQuit"]}]
1541675730022	Marionette	TRACE	0 <- [1,8,{"error":"invalid session id","message":"Tried to run command without establishing a connection","stacktrace":"WebDriver ... et@chrome://marionette/content/server.js:245:8\n_onJSONObjectReady/<@chrome://marionette/content/transport.js:490:9\n"},null]
1541675730070	Marionette	DEBUG	Closed connection 0
[Parent 2544, Gecko_IOThread] WARNING: pipe error (93): Соединение разорвано другой стороной: file /build/firefox-4VfQCB/firefox-63.0+build2/ipc/chromium/src/chrome/common/ipc_channel_posix.cc, line 356
JavaScript error: resource://gre/modules/IndexedDB.jsm, line 349: UnknownError: The operation failed for reasons unrelated to the database itself and not covered by any other error code.
1541675730362	Marionette	DEBUG	Received observer notification xpcom-will-shutdown
1541675730364	Marionette	DEBUG	Resetting recommended pref app.update.disabledForTesting
1541675730366	Marionette	DEBUG	Resetting recommended pref security.turn_off_all_security_so_that_viruses_can_take_over_this_computer
1541675730367	Marionette	DEBUG	Resetting recommended pref apz.content_response_timeout
1541675730368	Marionette	DEBUG	Resetting recommended pref browser.download.panel.shown
1541675730369	Marionette	DEBUG	Resetting recommended pref browser.pagethumbnails.capturing_disabled
1541675730369	Marionette	DEBUG	Resetting recommended pref browser.search.update
1541675730369	Marionette	DEBUG	Resetting recommended pref toolkit.cosmeticAnimations.enabled
1541675730370	Marionette	DEBUG	Resetting recommended pref browser.tabs.disableBackgroundZombification
1541675730370	Marionette	DEBUG	Resetting recommended pref browser.tabs.warnOnCloseOtherTabs
1541675730372	Marionette	DEBUG	Resetting recommended pref browser.tabs.warnOnOpen
1541675730372	Marionette	DEBUG	Resetting recommended pref browser.usedOnWindows10.introURL
1541675730372	Marionette	DEBUG	Resetting recommended pref browser.urlbar.suggest.searches
1541675730373	Marionette	DEBUG	Resetting recommended pref datareporting.policy.dataSubmissionPolicyAccepted
1541675730374	Marionette	DEBUG	Resetting recommended pref dom.disable_beforeunload
1541675730375	Marionette	DEBUG	Resetting recommended pref dom.disable_open_during_load
1541675730376	Marionette	DEBUG	Resetting recommended pref dom.file.createInChild
1541675730378	Marionette	DEBUG	Resetting recommended pref dom.max_chrome_script_run_time
1541675730379	Marionette	DEBUG	Resetting recommended pref dom.max_script_run_time
1541675730379	Marionette	DEBUG	Resetting recommended pref extensions.getAddons.cache.enabled
1541675730379	Marionette	DEBUG	Resetting recommended pref extensions.webservice.discoverURL
1541675730379	Marionette	DEBUG	Resetting recommended pref network.http.prompt-temp-redirect
1541675730380	Marionette	DEBUG	Resetting recommended pref network.http.speculative-parallel-limit
1541675730380	Marionette	DEBUG	Resetting recommended pref security.fileuri.strict_origin_policy
1541675730380	Marionette	DEBUG	Resetting recommended pref security.notification_enable_delay
1541675730380	Marionette	DEBUG	Resetting recommended pref signon.autofillForms
1541675730380	Marionette	DEBUG	Resetting recommended pref signon.rememberSignons
1541675730381	Marionette	DEBUG	Remote service is inactive
1541675730886	geckodriver	INFO	geckodriver 0.21.0
1541675730895	geckodriver	INFO	Listening on 127.0.0.1:56347
1541675731899	mozrunner::runner	INFO	Running command: "/usr/bin/firefox" "-marionette" "-foreground" "-no-remote" "-profile" "/tmp/rust_mozprofile.aUINeJr7BOPY"
1541675733144	Marionette	DEBUG	Received observer notification profile-after-change
1541675733241	Marionette	DEBUG	Received observer notification command-line-startup
1541675733241	Marionette	DEBUG	Received observer notification nsPref:changed
1541675733241	Marionette	DEBUG	Init aborted (running=false, enabled=true, finalUIStartup=false)

(firefox:2784): Gtk-WARNING **: 11:15:33.289: Theme parsing error: <data>:1:34: Expected ')' in color definition

(firefox:2784): Gtk-WARNING **: 11:15:33.290: Theme parsing error: <data>:1:77: Expected ')' in color definition
1541675733483	Marionette	DEBUG	Received observer notification toplevel-window-ready
1541675735451	Marionette	DEBUG	Received observer notification sessionstore-windows-restored
1541675735451	Marionette	DEBUG	Waiting for delayed startup...
1541675736498	Marionette	DEBUG	Setting recommended pref app.update.disabledForTesting to true
1541675736501	Marionette	DEBUG	Setting recommended pref security.turn_off_all_security_so_that_viruses_can_take_over_this_computer to true
1541675736504	Marionette	DEBUG	Setting recommended pref apz.content_response_timeout to 60000
1541675736508	Marionette	DEBUG	Setting recommended pref browser.download.panel.shown to true
1541675736511	Marionette	DEBUG	Setting recommended pref browser.pagethumbnails.capturing_disabled to true
1541675736513	Marionette	DEBUG	Setting recommended pref browser.search.update to false
1541675736515	Marionette	DEBUG	Setting recommended pref toolkit.cosmeticAnimations.enabled to false
1541675736519	Marionette	DEBUG	Setting recommended pref browser.tabs.disableBackgroundZombification to false
1541675736521	Marionette	DEBUG	Setting recommended pref browser.tabs.warnOnCloseOtherTabs to false
1541675736524	Marionette	DEBUG	Setting recommended pref browser.tabs.warnOnOpen to false
1541675736526	Marionette	DEBUG	Setting recommended pref browser.usedOnWindows10.introURL to 
1541675736527	Marionette	DEBUG	Setting recommended pref browser.urlbar.suggest.searches to false
1541675736530	Marionette	DEBUG	Setting recommended pref datareporting.policy.dataSubmissionPolicyAccepted to false
1541675736534	Marionette	DEBUG	Setting recommended pref dom.disable_beforeunload to true
1541675736537	Marionette	DEBUG	Setting recommended pref dom.disable_open_during_load to false
1541675736539	Marionette	DEBUG	Setting recommended pref dom.file.createInChild to true
1541675736541	Marionette	DEBUG	Setting recommended pref dom.max_chrome_script_run_time to 0
1541675736544	Marionette	DEBUG	Setting recommended pref dom.max_script_run_time to 0
1541675736548	Marionette	DEBUG	Setting recommended pref extensions.getAddons.cache.enabled to false
1541675736619	Marionette	DEBUG	Setting recommended pref extensions.webservice.discoverURL to http://%(server)s/dummy/discoveryURL
1541675736621	Marionette	DEBUG	Setting recommended pref network.http.prompt-temp-redirect to false
1541675736623	Marionette	DEBUG	Setting recommended pref network.http.speculative-parallel-limit to 0
1541675736625	Marionette	DEBUG	Setting recommended pref security.fileuri.strict_origin_policy to false
1541675736626	Marionette	DEBUG	Setting recommended pref security.notification_enable_delay to 0
1541675736628	Marionette	DEBUG	Setting recommended pref signon.autofillForms to false
1541675736630	Marionette	DEBUG	Setting recommended pref signon.rememberSignons to false
1541675736714	Marionette	INFO	Listening on port 37375
1541675736716	Marionette	DEBUG	Remote service is active
1541675736780	Marionette	DEBUG	Accepted connection 0 from 127.0.0.1:54702
1541675736801	Marionette	TRACE	0 -> [0,1,"WebDriver:NewSession",{"acceptInsecureCerts":true,"browserName":"firefox","capabilities":{"desiredCapabilities":{"acceptInsecureCerts":true,"browserName":"firefox"}}}]
1541675736804	Marionette	WARN	TLS certificate errors will be ignored for this session
1541675736892	Marionette	DEBUG	[4294967297] Frame script loaded
1541675736933	Marionette	DEBUG	[4294967297] Frame script registered
1541675736946	Marionette	TRACE	0 <- [1,1,null,{"sessionId":"856ef337-b7c0-4437-ae5c-9e671e14bc90","capabilities":{"browserName":"firefox","browserVersion":"63.0" ... alse,"moz:webdriverClick":true,"capabilities":{"desiredCapabilities":{"acceptInsecureCerts":true,"browserName":"firefox"}}}}]
1541675736966	Marionette	TRACE	0 -> [0,2,"WebDriver:Navigate",{"url":"http://lists.ga"}]
1541675736989	Marionette	DEBUG	[4294967297] Received DOM event beforeunload for about:blank
1541675737070	Marionette	DEBUG	[4294967297] Received DOM event pagehide for about:blank
1541675737163	Marionette	DEBUG	[4294967297] Received DOM event DOMContentLoaded for http://lists.ga/
1541675737432	Marionette	DEBUG	[4294967297] Received DOM event pageshow for http://lists.ga/
1541675737450	Marionette	TRACE	0 <- [1,2,null,{"value":null}]
1541675737516	Marionette	TRACE	0 -> [0,3,"WebDriver:FindElement",{"using":"css selector","value":"[id=\"id_new_item\"]"}]
1541675737555	Marionette	TRACE	0 <- [1,3,null,{"value":{"element-6066-11e4-a52e-4f735466cecf":"51f50787-b202-4336-9647-b56089323ee3"}}]
1541675737565	Marionette	TRACE	0 -> [0,4,"WebDriver:ElementSendKeys",{"id":"51f50787-b202-4336-9647-b56089323ee3","text":"Купить павлиньи перья","value":["К","у","п","и","т","ь"," ","п","а","в","л","и","н","ь","и"," ","п","е","р","ь","я"]}]
1541675737610	Marionette	TRACE	0 <- [1,4,null,{"value":null}]
1541675737614	Marionette	TRACE	0 -> [0,5,"WebDriver:ElementSendKeys",{"id":"51f50787-b202-4336-9647-b56089323ee3","text":"","value":[""]}]
1541675737663	Marionette	TRACE	0 <- [1,5,null,{"value":null}]
1541675737672	Marionette	TRACE	0 -> [0,6,"WebDriver:FindElement",{"using":"css selector","value":"[id=\"id_list_table\"]"}]
1541675737718	Marionette	TRACE	0 <- [1,6,{"error":"no such element","message":"Unable to locate element: [id=\"id_list_table\"]","stacktrace":"WebDriverError@chr ... entError@chrome://marionette/content/error.js:388:5\nelement.find/</<@chrome://marionette/content/element.js:339:16\n"},null]
1541675738223	Marionette	TRACE	0 -> [0,7,"WebDriver:FindElement",{"using":"css selector","value":"[id=\"id_list_table\"]"}]
1541675738228	Marionette	TRACE	0 <- [1,7,null,{"value":{"element-6066-11e4-a52e-4f735466cecf":"49641dbe-ad7e-492c-a462-3e0e8eca9b53"}}]
1541675738232	Marionette	TRACE	0 -> [0,8,"WebDriver:FindElements",{"element":"49641dbe-ad7e-492c-a462-3e0e8eca9b53","using":"css selector","value":"tr"}]
1541675738238	Marionette	TRACE	0 <- [1,8,null,[{"element-6066-11e4-a52e-4f735466cecf":"ba5a9848-bcb9-46dc-b9d1-ccc968fc3d49"}]]
1541675738243	Marionette	TRACE	0 -> [0,9,"WebDriver:GetElementText",{"id":"ba5a9848-bcb9-46dc-b9d1-ccc968fc3d49"}]
1541675738271	Marionette	TRACE	0 <- [1,9,null,{"value":"1: Купить павлиньи перья"}]
1541675738275	Marionette	TRACE	0 -> [0,10,"WebDriver:GetCurrentURL",{}]
1541675738278	Marionette	TRACE	0 <- [1,10,null,{"value":"http://lists.ga/lists/25/"}]
1541675738285	Marionette	TRACE	0 -> [0,11,"Marionette:Quit",{"flags":["eForceQuit"]}]
1541675738288	Marionette	INFO	Stopped listening on port 37375
1541675738611	Marionette	TRACE	0 <- [1,11,null,{"cause":"shutdown"}]
JavaScript error: jar:file:///usr/lib/firefox/omni.ja!/components/nsUrlClassifierListManager.js, line 597: TypeError: this.tablesData[table] is undefined
1541675738701	Marionette	TRACE	0 -> [0,12,"Marionette:Quit",{"flags":["eForceQuit"]}]
1541675738701	Marionette	TRACE	0 <- [1,12,{"error":"invalid session id","message":"Tried to run command without establishing a connection","stacktrace":"WebDrive ... et@chrome://marionette/content/server.js:245:8\n_onJSONObjectReady/<@chrome://marionette/content/transport.js:490:9\n"},null]
1541675738761	Marionette	DEBUG	Closed connection 0
[Parent 2784, Gecko_IOThread] WARNING: pipe error (95): Соединение разорвано другой стороной: file /build/firefox-4VfQCB/firefox-63.0+build2/ipc/chromium/src/chrome/common/ipc_channel_posix.cc, line 356
1541675739072	Marionette	DEBUG	Received observer notification xpcom-will-shutdown
1541675739073	Marionette	DEBUG	Resetting recommended pref app.update.disabledForTesting
1541675739075	Marionette	DEBUG	Resetting recommended pref security.turn_off_all_security_so_that_viruses_can_take_over_this_computer
1541675739076	Marionette	DEBUG	Resetting recommended pref apz.content_response_timeout
1541675739077	Marionette	DEBUG	Resetting recommended pref browser.download.panel.shown
1541675739077	Marionette	DEBUG	Resetting recommended pref browser.pagethumbnails.capturing_disabled
1541675739077	Marionette	DEBUG	Resetting recommended pref browser.search.update
1541675739077	Marionette	DEBUG	Resetting recommended pref toolkit.cosmeticAnimations.enabled
1541675739078	Marionette	DEBUG	Resetting recommended pref browser.tabs.disableBackgroundZombification
1541675739078	Marionette	DEBUG	Resetting recommended pref browser.tabs.warnOnCloseOtherTabs
1541675739079	Marionette	DEBUG	Resetting recommended pref browser.tabs.warnOnOpen
1541675739080	Marionette	DEBUG	Resetting recommended pref browser.usedOnWindows10.introURL
1541675739080	Marionette	DEBUG	Resetting recommended pref browser.urlbar.suggest.searches
1541675739081	Marionette	DEBUG	Resetting recommended pref datareporting.policy.dataSubmissionPolicyAccepted
1541675739081	Marionette	DEBUG	Resetting recommended pref dom.disable_beforeunload
1541675739081	Marionette	DEBUG	Resetting recommended pref dom.disable_open_during_load
1541675739081	Marionette	DEBUG	Resetting recommended pref dom.file.createInChild
1541675739081	Marionette	DEBUG	Resetting recommended pref dom.max_chrome_script_run_time
1541675739081	Marionette	DEBUG	Resetting recommended pref dom.max_script_run_time
1541675739082	Marionette	DEBUG	Resetting recommended pref extensions.getAddons.cache.enabled
1541675739082	Marionette	DEBUG	Resetting recommended pref extensions.webservice.discoverURL
1541675739082	Marionette	DEBUG	Resetting recommended pref network.http.prompt-temp-redirect
1541675739082	Marionette	DEBUG	Resetting recommended pref network.http.speculative-parallel-limit
1541675739082	Marionette	DEBUG	Resetting recommended pref security.fileuri.strict_origin_policy
1541675739082	Marionette	DEBUG	Resetting recommended pref security.notification_enable_delay
1541675739083	Marionette	DEBUG	Resetting recommended pref signon.autofillForms
1541675739083	Marionette	DEBUG	Resetting recommended pref signon.rememberSignons
1541675739083	Marionette	DEBUG	Remote service is inactive
1541675739570	geckodriver	INFO	geckodriver 0.21.0
1541675739576	geckodriver	INFO	Listening on 127.0.0.1:44765
1541675740584	mozrunner::runner	INFO	Running command: "/usr/bin/firefox" "-marionette" "-foreground" "-no-remote" "-profile" "/tmp/rust_mozprofile.WvTPiMnyMQmq"
1541675741827	Marionette	DEBUG	Received observer notification profile-after-change
1541675741919	Marionette	DEBUG	Received observer notification command-line-startup
1541675741920	Marionette	DEBUG	Received observer notification nsPref:changed
1541675741921	Marionette	DEBUG	Init aborted (running=false, enabled=true, finalUIStartup=false)

(firefox:3001): Gtk-WARNING **: 11:15:41.969: Theme parsing error: <data>:1:34: Expected ')' in color definition

(firefox:3001): Gtk-WARNING **: 11:15:41.970: Theme parsing error: <data>:1:77: Expected ')' in color definition
1541675742283	Marionette	DEBUG	Received observer notification toplevel-window-ready
1541675744303	Marionette	DEBUG	Received observer notification sessionstore-windows-restored
1541675744303	Marionette	DEBUG	Waiting for delayed startup...
1541675745039	Marionette	DEBUG	Setting recommended pref app.update.disabledForTesting to true
1541675745041	Marionette	DEBUG	Setting recommended pref security.turn_off_all_security_so_that_viruses_can_take_over_this_computer to true
1541675745046	Marionette	DEBUG	Setting recommended pref apz.content_response_timeout to 60000
1541675745050	Marionette	DEBUG	Setting recommended pref browser.download.panel.shown to true
1541675745053	Marionette	DEBUG	Setting recommended pref browser.pagethumbnails.capturing_disabled to true
1541675745055	Marionette	DEBUG	Setting recommended pref browser.search.update to false
1541675745084	Marionette	DEBUG	Setting recommended pref toolkit.cosmeticAnimations.enabled to false
1541675745088	Marionette	DEBUG	Setting recommended pref browser.tabs.disableBackgroundZombification to false
1541675745090	Marionette	DEBUG	Setting recommended pref browser.tabs.warnOnCloseOtherTabs to false
1541675745091	Marionette	DEBUG	Setting recommended pref browser.tabs.warnOnOpen to false
1541675745093	Marionette	DEBUG	Setting recommended pref browser.usedOnWindows10.introURL to 
1541675745094	Marionette	DEBUG	Setting recommended pref browser.urlbar.suggest.searches to false
1541675745095	Marionette	DEBUG	Setting recommended pref datareporting.policy.dataSubmissionPolicyAccepted to false
1541675745096	Marionette	DEBUG	Setting recommended pref dom.disable_beforeunload to true
1541675745096	Marionette	DEBUG	Setting recommended pref dom.disable_open_during_load to false
1541675745096	Marionette	DEBUG	Setting recommended pref dom.file.createInChild to true
1541675745097	Marionette	DEBUG	Setting recommended pref dom.max_chrome_script_run_time to 0
1541675745098	Marionette	DEBUG	Setting recommended pref dom.max_script_run_time to 0
1541675745099	Marionette	DEBUG	Setting recommended pref extensions.getAddons.cache.enabled to false
1541675745099	Marionette	DEBUG	Setting recommended pref extensions.webservice.discoverURL to http://%(server)s/dummy/discoveryURL
1541675745099	Marionette	DEBUG	Setting recommended pref network.http.prompt-temp-redirect to false
1541675745099	Marionette	DEBUG	Setting recommended pref network.http.speculative-parallel-limit to 0
1541675745100	Marionette	DEBUG	Setting recommended pref security.fileuri.strict_origin_policy to false
1541675745102	Marionette	DEBUG	Setting recommended pref security.notification_enable_delay to 0
1541675745103	Marionette	DEBUG	Setting recommended pref signon.autofillForms to false
1541675745105	Marionette	DEBUG	Setting recommended pref signon.rememberSignons to false
1541675745231	Marionette	INFO	Listening on port 38295
1541675745233	Marionette	DEBUG	Remote service is active
1541675745340	Marionette	DEBUG	Accepted connection 0 from 127.0.0.1:60950
1541675745348	Marionette	TRACE	0 -> [0,1,"WebDriver:NewSession",{"acceptInsecureCerts":true,"browserName":"firefox","capabilities":{"desiredCapabilities":{"acceptInsecureCerts":true,"browserName":"firefox"}}}]
1541675745349	Marionette	WARN	TLS certificate errors will be ignored for this session
1541675745465	Marionette	DEBUG	[4294967297] Frame script loaded
1541675745473	Marionette	DEBUG	[4294967297] Frame script registered
1541675745488	Marionette	TRACE	0 <- [1,1,null,{"sessionId":"8145c20a-b92c-4d80-8194-84dd830c88de","capabilities":{"browserName":"firefox","browserVersion":"63.0" ... alse,"moz:webdriverClick":true,"capabilities":{"desiredCapabilities":{"acceptInsecureCerts":true,"browserName":"firefox"}}}}]
1541675745541	Marionette	TRACE	0 -> [0,2,"WebDriver:Navigate",{"url":"http://lists.ga"}]
1541675745579	Marionette	DEBUG	[4294967297] Received DOM event beforeunload for about:blank
1541675745666	Marionette	DEBUG	[4294967297] Received DOM event pagehide for about:blank
1541675745713	Marionette	DEBUG	[4294967297] Received DOM event DOMContentLoaded for http://lists.ga/
1541675745997	Marionette	DEBUG	[4294967297] Received DOM event pageshow for http://lists.ga/
1541675746011	Marionette	TRACE	0 <- [1,2,null,{"value":null}]
1541675746065	Marionette	TRACE	0 -> [0,3,"WebDriver:FindElement",{"using":"css selector","value":"body"}]
1541675746083	Marionette	TRACE	0 <- [1,3,null,{"value":{"element-6066-11e4-a52e-4f735466cecf":"e786f850-d9c5-4d9b-a574-fd3f5e20dfbe"}}]
1541675746105	Marionette	TRACE	0 -> [0,4,"WebDriver:GetElementText",{"id":"e786f850-d9c5-4d9b-a574-fd3f5e20dfbe"}]
1541675746213	Marionette	TRACE	0 <- [1,4,null,{"value":"Start a new To-Do list"}]
1541675746227	Marionette	TRACE	0 -> [0,5,"WebDriver:FindElement",{"using":"css selector","value":"[id=\"id_new_item\"]"}]
1541675746233	Marionette	TRACE	0 <- [1,5,null,{"value":{"element-6066-11e4-a52e-4f735466cecf":"0ceb4d8d-f45c-4f44-9dc8-551b856e21b5"}}]
1541675746257	Marionette	TRACE	0 -> [0,6,"WebDriver:ElementSendKeys",{"id":"0ceb4d8d-f45c-4f44-9dc8-551b856e21b5","text":"Купить молоко","value":["К","у","п","и","т","ь"," ","м","о","л","о","к","о"]}]
1541675746339	Marionette	TRACE	0 <- [1,6,null,{"value":null}]
1541675746342	Marionette	TRACE	0 -> [0,7,"WebDriver:ElementSendKeys",{"id":"0ceb4d8d-f45c-4f44-9dc8-551b856e21b5","text":"","value":[""]}]
1541675746424	Marionette	TRACE	0 <- [1,7,null,{"value":null}]
1541675746434	Marionette	TRACE	0 -> [0,8,"WebDriver:FindElement",{"using":"css selector","value":"[id=\"id_list_table\"]"}]
1541675746445	Marionette	TRACE	0 <- [1,8,{"error":"no such element","message":"Unable to locate element: [id=\"id_list_table\"]","stacktrace":"WebDriverError@chr ... entError@chrome://marionette/content/error.js:388:5\nelement.find/</<@chrome://marionette/content/element.js:339:16\n"},null]
1541675746952	Marionette	TRACE	0 -> [0,9,"WebDriver:FindElement",{"using":"css selector","value":"[id=\"id_list_table\"]"}]
1541675746957	Marionette	TRACE	0 <- [1,9,null,{"value":{"element-6066-11e4-a52e-4f735466cecf":"4ecfe63c-4a48-43ed-bd2d-f36b00c3e0b4"}}]
1541675746961	Marionette	TRACE	0 -> [0,10,"WebDriver:FindElements",{"element":"4ecfe63c-4a48-43ed-bd2d-f36b00c3e0b4","using":"css selector","value":"tr"}]
1541675746966	Marionette	TRACE	0 <- [1,10,null,[{"element-6066-11e4-a52e-4f735466cecf":"34c8369b-9209-45b0-885e-afa7f87161c7"}]]
1541675746972	Marionette	TRACE	0 -> [0,11,"WebDriver:GetElementText",{"id":"34c8369b-9209-45b0-885e-afa7f87161c7"}]
1541675746990	Marionette	TRACE	0 <- [1,11,null,{"value":"1: Купить молоко"}]
1541675746994	Marionette	TRACE	0 -> [0,12,"WebDriver:GetCurrentURL",{}]
1541675746998	Marionette	TRACE	0 <- [1,12,null,{"value":"http://lists.ga/lists/26/"}]
1541675747002	Marionette	TRACE	0 -> [0,13,"WebDriver:FindElement",{"using":"css selector","value":"body"}]
1541675747007	Marionette	TRACE	0 <- [1,13,null,{"value":{"element-6066-11e4-a52e-4f735466cecf":"918b2357-066f-486f-b324-fd03c1922aea"}}]
1541675747011	Marionette	TRACE	0 -> [0,14,"WebDriver:GetElementText",{"id":"918b2357-066f-486f-b324-fd03c1922aea"}]
1541675747081	Marionette	TRACE	0 <- [1,14,null,{"value":"Your To-do list\n1: Купить молоко"}]
1541675747084	Marionette	TRACE	0 -> [0,15,"Marionette:Quit",{"flags":["eForceQuit"]}]
1541675747086	Marionette	INFO	Stopped listening on port 38295
1541675747226	Marionette	TRACE	0 <- [1,15,null,{"cause":"shutdown"}]
1541675747317	Marionette	TRACE	0 -> [0,16,"Marionette:Quit",{"flags":["eForceQuit"]}]
1541675747317	Marionette	TRACE	0 <- [1,16,{"error":"invalid session id","message":"Tried to run command without establishing a connection","stacktrace":"WebDrive ... et@chrome://marionette/content/server.js:245:8\n_onJSONObjectReady/<@chrome://marionette/content/transport.js:490:9\n"},null]
1541675747379	Marionette	DEBUG	Closed connection 0
[Parent 3001, Gecko_IOThread] WARNING: pipe error (76): Соединение разорвано другой стороной: file /build/firefox-4VfQCB/firefox-63.0+build2/ipc/chromium/src/chrome/common/ipc_channel_posix.cc, line 356
[Parent 3001, Gecko_IOThread] WARNING: pipe error (84): Соединение разорвано другой стороной: file /build/firefox-4VfQCB/firefox-63.0+build2/ipc/chromium/src/chrome/common/ipc_channel_posix.cc, line 356
1541675747621	Marionette	DEBUG	Received observer notification xpcom-will-shutdown
1541675747621	Marionette	DEBUG	Resetting recommended pref app.update.disabledForTesting
1541675747622	Marionette	DEBUG	Resetting recommended pref security.turn_off_all_security_so_that_viruses_can_take_over_this_computer
1541675747622	Marionette	DEBUG	Resetting recommended pref apz.content_response_timeout
1541675747622	Marionette	DEBUG	Resetting recommended pref browser.download.panel.shown
1541675747622	Marionette	DEBUG	Resetting recommended pref browser.pagethumbnails.capturing_disabled
1541675747622	Marionette	DEBUG	Resetting recommended pref browser.search.update
1541675747622	Marionette	DEBUG	Resetting recommended pref toolkit.cosmeticAnimations.enabled
1541675747623	Marionette	DEBUG	Resetting recommended pref browser.tabs.disableBackgroundZombification
1541675747623	Marionette	DEBUG	Resetting recommended pref browser.tabs.warnOnCloseOtherTabs
1541675747623	Marionette	DEBUG	Resetting recommended pref browser.tabs.warnOnOpen
1541675747623	Marionette	DEBUG	Resetting recommended pref browser.usedOnWindows10.introURL
1541675747624	Marionette	DEBUG	Resetting recommended pref browser.urlbar.suggest.searches
1541675747624	Marionette	DEBUG	Resetting recommended pref datareporting.policy.dataSubmissionPolicyAccepted
1541675747624	Marionette	DEBUG	Resetting recommended pref dom.disable_beforeunload
1541675747624	Marionette	DEBUG	Resetting recommended pref dom.disable_open_during_load
1541675747624	Marionette	DEBUG	Resetting recommended pref dom.file.createInChild
1541675747625	Marionette	DEBUG	Resetting recommended pref dom.max_chrome_script_run_time
1541675747625	Marionette	DEBUG	Resetting recommended pref dom.max_script_run_time
1541675747625	Marionette	DEBUG	Resetting recommended pref extensions.getAddons.cache.enabled
1541675747625	Marionette	DEBUG	Resetting recommended pref extensions.webservice.discoverURL
1541675747625	Marionette	DEBUG	Resetting recommended pref network.http.prompt-temp-redirect
1541675747625	Marionette	DEBUG	Resetting recommended pref network.http.speculative-parallel-limit
1541675747626	Marionette	DEBUG	Resetting recommended pref security.fileuri.strict_origin_policy
1541675747626	Marionette	DEBUG	Resetting recommended pref security.notification_enable_delay
1541675747626	Marionette	DEBUG	Resetting recommended pref signon.autofillForms
1541675747626	Marionette	DEBUG	Resetting recommended pref signon.rememberSignons
1541675747626	Marionette	DEBUG	Remote service is inactive
1541676349797	geckodriver	INFO	geckodriver 0.21.0
1541676349805	geckodriver	INFO	Listening on 127.0.0.1:53745
1541676350810	mozrunner::runner	INFO	Running command: "/usr/bin/firefox" "-marionette" "-foreground" "-no-remote" "-profile" "/tmp/rust_mozprofile.cvW6jP4bw9Ra"
1541676352078	Marionette	DEBUG	Received observer notification profile-after-change
1541676352182	Marionette	DEBUG	Received observer notification command-line-startup
1541676352184	Marionette	DEBUG	Received observer notification nsPref:changed
1541676352185	Marionette	DEBUG	Init aborted (running=false, enabled=true, finalUIStartup=false)

(firefox:3271): Gtk-WARNING **: 11:25:52.234: Theme parsing error: <data>:1:34: Expected ')' in color definition

(firefox:3271): Gtk-WARNING **: 11:25:52.234: Theme parsing error: <data>:1:77: Expected ')' in color definition
1541676352539	Marionette	DEBUG	Received observer notification toplevel-window-ready
1541676354685	Marionette	DEBUG	Received observer notification sessionstore-windows-restored
1541676354686	Marionette	DEBUG	Waiting for delayed startup...
1541676355436	Marionette	DEBUG	Setting recommended pref app.update.disabledForTesting to true
1541676355440	Marionette	DEBUG	Setting recommended pref security.turn_off_all_security_so_that_viruses_can_take_over_this_computer to true
1541676355442	Marionette	DEBUG	Setting recommended pref apz.content_response_timeout to 60000
1541676355444	Marionette	DEBUG	Setting recommended pref browser.download.panel.shown to true
1541676355448	Marionette	DEBUG	Setting recommended pref browser.pagethumbnails.capturing_disabled to true
1541676355452	Marionette	DEBUG	Setting recommended pref browser.search.update to false
1541676355454	Marionette	DEBUG	Setting recommended pref toolkit.cosmeticAnimations.enabled to false
1541676355498	Marionette	DEBUG	Setting recommended pref browser.tabs.disableBackgroundZombification to false
1541676355500	Marionette	DEBUG	Setting recommended pref browser.tabs.warnOnCloseOtherTabs to false
1541676355502	Marionette	DEBUG	Setting recommended pref browser.tabs.warnOnOpen to false
1541676355503	Marionette	DEBUG	Setting recommended pref browser.usedOnWindows10.introURL to 
1541676355537	Marionette	DEBUG	Setting recommended pref browser.urlbar.suggest.searches to false
1541676355539	Marionette	DEBUG	Setting recommended pref datareporting.policy.dataSubmissionPolicyAccepted to false
1541676355541	Marionette	DEBUG	Setting recommended pref dom.disable_beforeunload to true
1541676355542	Marionette	DEBUG	Setting recommended pref dom.disable_open_during_load to false
1541676355544	Marionette	DEBUG	Setting recommended pref dom.file.createInChild to true
1541676355545	Marionette	DEBUG	Setting recommended pref dom.max_chrome_script_run_time to 0
1541676355547	Marionette	DEBUG	Setting recommended pref dom.max_script_run_time to 0
1541676355548	Marionette	DEBUG	Setting recommended pref extensions.getAddons.cache.enabled to false
1541676355549	Marionette	DEBUG	Setting recommended pref extensions.webservice.discoverURL to http://%(server)s/dummy/discoveryURL
1541676355550	Marionette	DEBUG	Setting recommended pref network.http.prompt-temp-redirect to false
1541676355552	Marionette	DEBUG	Setting recommended pref network.http.speculative-parallel-limit to 0
1541676355554	Marionette	DEBUG	Setting recommended pref security.fileuri.strict_origin_policy to false
1541676355555	Marionette	DEBUG	Setting recommended pref security.notification_enable_delay to 0
1541676355557	Marionette	DEBUG	Setting recommended pref signon.autofillForms to false
1541676355559	Marionette	DEBUG	Setting recommended pref signon.rememberSignons to false
1541676355782	Marionette	INFO	Listening on port 36639
1541676355783	Marionette	DEBUG	Remote service is active
1541676355847	Marionette	DEBUG	Accepted connection 0 from 127.0.0.1:47802
1541676355873	Marionette	TRACE	0 -> [0,1,"WebDriver:NewSession",{"acceptInsecureCerts":true,"browserName":"firefox","capabilities":{"desiredCapabilities":{"acceptInsecureCerts":true,"browserName":"firefox"}}}]
1541676355875	Marionette	WARN	TLS certificate errors will be ignored for this session
1541676356017	Marionette	DEBUG	[4294967297] Frame script loaded
1541676356024	Marionette	DEBUG	[4294967297] Frame script registered
1541676356038	Marionette	TRACE	0 <- [1,1,null,{"sessionId":"b55247a4-ace0-4185-8cce-16f33ba166b3","capabilities":{"browserName":"firefox","browserVersion":"63.0" ... alse,"moz:webdriverClick":true,"capabilities":{"desiredCapabilities":{"acceptInsecureCerts":true,"browserName":"firefox"}}}}]
1541676356050	Marionette	TRACE	0 -> [0,2,"WebDriver:Navigate",{"url":"http://lists.ga"}]
1541676356157	Marionette	DEBUG	[4294967297] Received DOM event beforeunload for about:blank
1541676356335	Marionette	DEBUG	[4294967297] Received DOM event pagehide for about:blank
1541676356373	Marionette	DEBUG	[4294967297] Received DOM event DOMContentLoaded for http://lists.ga/
1541676356778	Marionette	DEBUG	[4294967297] Received DOM event pageshow for http://lists.ga/
1541676356780	Marionette	TRACE	0 <- [1,2,null,{"value":null}]
1541676356796	Marionette	TRACE	0 -> [0,3,"WebDriver:GetTitle",{}]
1541676356798	Marionette	TRACE	0 <- [1,3,null,{"value":"To-Do lists"}]
1541676356808	Marionette	TRACE	0 -> [0,4,"WebDriver:FindElement",{"using":"css selector","value":"h1"}]
1541676356876	Marionette	TRACE	0 <- [1,4,null,{"value":{"element-6066-11e4-a52e-4f735466cecf":"575ece21-bca6-4599-b7f7-c3593237596e"}}]
1541676356886	Marionette	TRACE	0 -> [0,5,"WebDriver:GetElementText",{"id":"575ece21-bca6-4599-b7f7-c3593237596e"}]
1541676357002	Marionette	TRACE	0 <- [1,5,null,{"value":"Start a new To-Do list"}]
1541676357008	Marionette	TRACE	0 -> [0,6,"WebDriver:FindElement",{"using":"css selector","value":"[id=\"id_new_item\"]"}]
1541676357012	Marionette	TRACE	0 <- [1,6,null,{"value":{"element-6066-11e4-a52e-4f735466cecf":"fe757fc2-4e48-4c2d-830f-909365614299"}}]
1541676357022	Marionette	TRACE	0 -> [0,7,"WebDriver:ExecuteScript",{"args":[{"ELEMENT":"fe757fc2-4e48-4c2d-830f-909365614299","element-6066-11e4-a52e-4f735466cec ... dow!='undefined'?window.document:null}, arguments);}\n).apply(null, arguments);","scriptTimeout":null,"specialPowers":false}]
1541676357033	Marionette	TRACE	0 <- [1,7,null,{"value":"Enter a to-do item"}]
1541676357036	Marionette	TRACE	0 -> [0,8,"WebDriver:ElementSendKeys",{"id":"fe757fc2-4e48-4c2d-830f-909365614299","text":"Купить павлиньи перья","value":["К","у","п","и","т","ь"," ","п","а","в","л","и","н","ь","и"," ","п","е","р","ь","я"]}]
1541676357102	Marionette	TRACE	0 <- [1,8,null,{"value":null}]
1541676357106	Marionette	TRACE	0 -> [0,9,"WebDriver:ElementSendKeys",{"id":"fe757fc2-4e48-4c2d-830f-909365614299","text":"","value":[""]}]
1541676357180	Marionette	TRACE	0 <- [1,9,null,{"value":null}]
1541676357203	Marionette	TRACE	0 -> [0,10,"WebDriver:FindElement",{"using":"css selector","value":"[id=\"id_list_table\"]"}]
1541676357208	Marionette	TRACE	0 <- [1,10,{"error":"no such element","message":"Unable to locate element: [id=\"id_list_table\"]","stacktrace":"WebDriverError@ch ... entError@chrome://marionette/content/error.js:388:5\nelement.find/</<@chrome://marionette/content/element.js:339:16\n"},null]
1541676357735	Marionette	TRACE	0 -> [0,11,"WebDriver:FindElement",{"using":"css selector","value":"[id=\"id_list_table\"]"}]
1541676357743	Marionette	TRACE	0 <- [1,11,null,{"value":{"element-6066-11e4-a52e-4f735466cecf":"d9ed4255-cb90-463d-8541-b1ac6f0bab50"}}]
1541676357749	Marionette	TRACE	0 -> [0,12,"WebDriver:FindElements",{"element":"d9ed4255-cb90-463d-8541-b1ac6f0bab50","using":"css selector","value":"tr"}]
1541676357756	Marionette	TRACE	0 <- [1,12,null,[{"element-6066-11e4-a52e-4f735466cecf":"580fe642-f19c-42d8-87dc-1d3535089124"}]]
1541676357760	Marionette	TRACE	0 -> [0,13,"WebDriver:GetElementText",{"id":"580fe642-f19c-42d8-87dc-1d3535089124"}]
1541676357794	Marionette	TRACE	0 <- [1,13,null,{"value":"1: Купить павлиньи перья"}]
1541676357797	Marionette	TRACE	0 -> [0,14,"WebDriver:FindElement",{"using":"css selector","value":"[id=\"id_new_item\"]"}]
1541676357801	Marionette	TRACE	0 <- [1,14,null,{"value":{"element-6066-11e4-a52e-4f735466cecf":"4ef88c94-b840-4baa-aad4-67e83ed00b97"}}]
1541676357804	Marionette	TRACE	0 -> [0,15,"WebDriver:ElementSendKeys",{"id":"4ef88c94-b840-4baa-aad4-67e83ed00b97","text":"Сделать мушку из павлиньих перьев","va ... е","л","а","т","ь"," ","м","у","ш","к","у"," ","и","з"," ","п","а","в","л","и","н","ь","и","х"," ","п","е","р","ь","е","в"]}]
1541676357841	Marionette	TRACE	0 <- [1,15,null,{"value":null}]
1541676357867	Marionette	TRACE	0 -> [0,16,"WebDriver:ElementSendKeys",{"id":"4ef88c94-b840-4baa-aad4-67e83ed00b97","text":"","value":[""]}]
1541676357890	Marionette	TRACE	0 <- [1,16,null,{"value":null}]
1541676357909	Marionette	TRACE	0 -> [0,17,"WebDriver:FindElement",{"using":"css selector","value":"[id=\"id_list_table\"]"}]
1541676357928	Marionette	TRACE	0 <- [1,17,null,{"value":{"element-6066-11e4-a52e-4f735466cecf":"d9ed4255-cb90-463d-8541-b1ac6f0bab50"}}]
1541676357938	Marionette	TRACE	0 -> [0,18,"WebDriver:FindElements",{"element":"d9ed4255-cb90-463d-8541-b1ac6f0bab50","using":"css selector","value":"tr"}]
1541676357955	Marionette	TRACE	0 <- [1,18,null,[{"element-6066-11e4-a52e-4f735466cecf":"580fe642-f19c-42d8-87dc-1d3535089124"}]]
1541676357975	Marionette	TRACE	0 -> [0,19,"WebDriver:GetElementText",{"id":"580fe642-f19c-42d8-87dc-1d3535089124"}]
1541676358038	Marionette	TRACE	0 <- [1,19,{"error":"stale element reference","message":"The element reference of <tr> is stale; either the element is no longer a ... ch/</req<@chrome://marionette/content/listener.js:478:20\ndispatch/<@chrome://marionette/content/listener.js:477:15\n"},null]
1541676358561	Marionette	TRACE	0 -> [0,20,"WebDriver:FindElement",{"using":"css selector","value":"[id=\"id_list_table\"]"}]
1541676358565	Marionette	TRACE	0 <- [1,20,null,{"value":{"element-6066-11e4-a52e-4f735466cecf":"259b45f1-c81a-4d6e-bd96-e7354e80a955"}}]
1541676358569	Marionette	TRACE	0 -> [0,21,"WebDriver:FindElements",{"element":"259b45f1-c81a-4d6e-bd96-e7354e80a955","using":"css selector","value":"tr"}]
1541676358573	Marionette	TRACE	0 <- [1,21,null,[{"element-6066-11e4-a52e-4f735466cecf":"0191973f-3ef0-46cc-aab0-d4233ab2d600"},{"element-6066-11e4-a52e-4f735466cecf":"60802ff6-b328-4d89-9a16-1ca8c3641553"}]]
1541676358575	Marionette	TRACE	0 -> [0,22,"WebDriver:GetElementText",{"id":"0191973f-3ef0-46cc-aab0-d4233ab2d600"}]
1541676358631	Marionette	TRACE	0 <- [1,22,null,{"value":"1: Купить павлиньи перья"}]
1541676358633	Marionette	TRACE	0 -> [0,23,"WebDriver:GetElementText",{"id":"60802ff6-b328-4d89-9a16-1ca8c3641553"}]
1541676358643	Marionette	TRACE	0 <- [1,23,null,{"value":"2: Сделать мушку из павлиньих перьев"}]
1541676358647	Marionette	TRACE	0 -> [0,24,"WebDriver:FindElement",{"using":"css selector","value":"[id=\"id_list_table\"]"}]
1541676358651	Marionette	TRACE	0 <- [1,24,null,{"value":{"element-6066-11e4-a52e-4f735466cecf":"259b45f1-c81a-4d6e-bd96-e7354e80a955"}}]
1541676358654	Marionette	TRACE	0 -> [0,25,"WebDriver:FindElements",{"element":"259b45f1-c81a-4d6e-bd96-e7354e80a955","using":"css selector","value":"tr"}]
1541676358657	Marionette	TRACE	0 <- [1,25,null,[{"element-6066-11e4-a52e-4f735466cecf":"0191973f-3ef0-46cc-aab0-d4233ab2d600"},{"element-6066-11e4-a52e-4f735466cecf":"60802ff6-b328-4d89-9a16-1ca8c3641553"}]]
1541676358661	Marionette	TRACE	0 -> [0,26,"WebDriver:GetElementText",{"id":"0191973f-3ef0-46cc-aab0-d4233ab2d600"}]
1541676358675	Marionette	TRACE	0 <- [1,26,null,{"value":"1: Купить павлиньи перья"}]
1541676358678	Marionette	TRACE	0 -> [0,27,"WebDriver:GetElementText",{"id":"60802ff6-b328-4d89-9a16-1ca8c3641553"}]
1541676358689	Marionette	TRACE	0 <- [1,27,null,{"value":"2: Сделать мушку из павлиньих перьев"}]
1541676358691	Marionette	TRACE	0 -> [0,28,"Marionette:Quit",{"flags":["eForceQuit"]}]
1541676358692	Marionette	INFO	Stopped listening on port 36639
1541676358849	Marionette	TRACE	0 <- [1,28,null,{"cause":"shutdown"}]
1541676358951	Marionette	TRACE	0 -> [0,29,"Marionette:Quit",{"flags":["eForceQuit"]}]
1541676358953	Marionette	TRACE	0 <- [1,29,{"error":"invalid session id","message":"Tried to run command without establishing a connection","stacktrace":"WebDrive ... et@chrome://marionette/content/server.js:245:8\n_onJSONObjectReady/<@chrome://marionette/content/transport.js:490:9\n"},null]
1541676359042	Marionette	DEBUG	Closed connection 0
[Parent 3271, Gecko_IOThread] WARNING: pipe error (76): Соединение разорвано другой стороной: file /build/firefox-4VfQCB/firefox-63.0+build2/ipc/chromium/src/chrome/common/ipc_channel_posix.cc, line 356

###!!! [Parent][MessageChannel] Error: (msgtype=0x160011,name=PBackgroundStorage::Msg_Observe) Channel error: cannot send/recv

1541676359300	Marionette	DEBUG	Received observer notification xpcom-will-shutdown
1541676359301	Marionette	DEBUG	Resetting recommended pref app.update.disabledForTesting
1541676359302	Marionette	DEBUG	Resetting recommended pref security.turn_off_all_security_so_that_viruses_can_take_over_this_computer
1541676359303	Marionette	DEBUG	Resetting recommended pref apz.content_response_timeout
1541676359304	Marionette	DEBUG	Resetting recommended pref browser.download.panel.shown
1541676359306	Marionette	DEBUG	Resetting recommended pref browser.pagethumbnails.capturing_disabled
1541676359306	Marionette	DEBUG	Resetting recommended pref browser.search.update
1541676359306	Marionette	DEBUG	Resetting recommended pref toolkit.cosmeticAnimations.enabled
1541676359306	Marionette	DEBUG	Resetting recommended pref browser.tabs.disableBackgroundZombification
1541676359306	Marionette	DEBUG	Resetting recommended pref browser.tabs.warnOnCloseOtherTabs
1541676359307	Marionette	DEBUG	Resetting recommended pref browser.tabs.warnOnOpen
1541676359307	Marionette	DEBUG	Resetting recommended pref browser.usedOnWindows10.introURL
1541676359308	Marionette	DEBUG	Resetting recommended pref browser.urlbar.suggest.searches
1541676359308	Marionette	DEBUG	Resetting recommended pref datareporting.policy.dataSubmissionPolicyAccepted
1541676359308	Marionette	DEBUG	Resetting recommended pref dom.disable_beforeunload
1541676359308	Marionette	DEBUG	Resetting recommended pref dom.disable_open_during_load
1541676359309	Marionette	DEBUG	Resetting recommended pref dom.file.createInChild
1541676359309	Marionette	DEBUG	Resetting recommended pref dom.max_chrome_script_run_time
1541676359309	Marionette	DEBUG	Resetting recommended pref dom.max_script_run_time
1541676359309	Marionette	DEBUG	Resetting recommended pref extensions.getAddons.cache.enabled
1541676359309	Marionette	DEBUG	Resetting recommended pref extensions.webservice.discoverURL
1541676359310	Marionette	DEBUG	Resetting recommended pref network.http.prompt-temp-redirect
1541676359310	Marionette	DEBUG	Resetting recommended pref network.http.speculative-parallel-limit
1541676359310	Marionette	DEBUG	Resetting recommended pref security.fileuri.strict_origin_policy
1541676359310	Marionette	DEBUG	Resetting recommended pref security.notification_enable_delay
1541676359310	Marionette	DEBUG	Resetting recommended pref signon.autofillForms
1541676359310	Marionette	DEBUG	Resetting recommended pref signon.rememberSignons
1541676359310	Marionette	DEBUG	Remote service is inactive
1541676359911	geckodriver	INFO	geckodriver 0.21.0
1541676359921	geckodriver	INFO	Listening on 127.0.0.1:42269
1541676360923	mozrunner::runner	INFO	Running command: "/usr/bin/firefox" "-marionette" "-foreground" "-no-remote" "-profile" "/tmp/rust_mozprofile.dj08RHcvucLy"
1541676362177	Marionette	DEBUG	Received observer notification profile-after-change
1541676362276	Marionette	DEBUG	Received observer notification command-line-startup
1541676362276	Marionette	DEBUG	Received observer notification nsPref:changed
1541676362276	Marionette	DEBUG	Init aborted (running=false, enabled=true, finalUIStartup=false)

(firefox:3502): Gtk-WARNING **: 11:26:02.325: Theme parsing error: <data>:1:34: Expected ')' in color definition

(firefox:3502): Gtk-WARNING **: 11:26:02.326: Theme parsing error: <data>:1:77: Expected ')' in color definition
1541676362630	Marionette	DEBUG	Received observer notification toplevel-window-ready
1541676364662	Marionette	DEBUG	Received observer notification sessionstore-windows-restored
1541676364663	Marionette	DEBUG	Waiting for delayed startup...
1541676365289	Marionette	DEBUG	Setting recommended pref app.update.disabledForTesting to true
1541676365291	Marionette	DEBUG	Setting recommended pref security.turn_off_all_security_so_that_viruses_can_take_over_this_computer to true
1541676365291	Marionette	DEBUG	Setting recommended pref apz.content_response_timeout to 60000
1541676365292	Marionette	DEBUG	Setting recommended pref browser.download.panel.shown to true
1541676365293	Marionette	DEBUG	Setting recommended pref browser.pagethumbnails.capturing_disabled to true
1541676365294	Marionette	DEBUG	Setting recommended pref browser.search.update to false
1541676365295	Marionette	DEBUG	Setting recommended pref toolkit.cosmeticAnimations.enabled to false
1541676365295	Marionette	DEBUG	Setting recommended pref browser.tabs.disableBackgroundZombification to false
1541676365295	Marionette	DEBUG	Setting recommended pref browser.tabs.warnOnCloseOtherTabs to false
1541676365296	Marionette	DEBUG	Setting recommended pref browser.tabs.warnOnOpen to false
1541676365296	Marionette	DEBUG	Setting recommended pref browser.usedOnWindows10.introURL to 
1541676365296	Marionette	DEBUG	Setting recommended pref browser.urlbar.suggest.searches to false
1541676365297	Marionette	DEBUG	Setting recommended pref datareporting.policy.dataSubmissionPolicyAccepted to false
1541676365297	Marionette	DEBUG	Setting recommended pref dom.disable_beforeunload to true
1541676365298	Marionette	DEBUG	Setting recommended pref dom.disable_open_during_load to false
1541676365298	Marionette	DEBUG	Setting recommended pref dom.file.createInChild to true
1541676365298	Marionette	DEBUG	Setting recommended pref dom.max_chrome_script_run_time to 0
1541676365299	Marionette	DEBUG	Setting recommended pref dom.max_script_run_time to 0
1541676365299	Marionette	DEBUG	Setting recommended pref extensions.getAddons.cache.enabled to false
1541676365299	Marionette	DEBUG	Setting recommended pref extensions.webservice.discoverURL to http://%(server)s/dummy/discoveryURL
1541676365299	Marionette	DEBUG	Setting recommended pref network.http.prompt-temp-redirect to false
1541676365299	Marionette	DEBUG	Setting recommended pref network.http.speculative-parallel-limit to 0
1541676365300	Marionette	DEBUG	Setting recommended pref security.fileuri.strict_origin_policy to false
1541676365300	Marionette	DEBUG	Setting recommended pref security.notification_enable_delay to 0
1541676365300	Marionette	DEBUG	Setting recommended pref signon.autofillForms to false
1541676365301	Marionette	DEBUG	Setting recommended pref signon.rememberSignons to false
1541676365459	Marionette	INFO	Listening on port 37643
1541676365461	Marionette	DEBUG	Remote service is active
1541676365529	Marionette	DEBUG	Accepted connection 0 from 127.0.0.1:59990
1541676365540	Marionette	TRACE	0 -> [0,1,"WebDriver:NewSession",{"acceptInsecureCerts":true,"browserName":"firefox","capabilities":{"desiredCapabilities":{"acceptInsecureCerts":true,"browserName":"firefox"}}}]
1541676365546	Marionette	WARN	TLS certificate errors will be ignored for this session
1541676365667	Marionette	DEBUG	[4294967297] Frame script loaded
1541676365678	Marionette	DEBUG	[4294967297] Frame script registered
1541676365690	Marionette	TRACE	0 <- [1,1,null,{"sessionId":"be44b458-cad8-4be7-b79d-a70c79a7fe0a","capabilities":{"browserName":"firefox","browserVersion":"63.0" ... alse,"moz:webdriverClick":true,"capabilities":{"desiredCapabilities":{"acceptInsecureCerts":true,"browserName":"firefox"}}}}]
1541676365745	Marionette	TRACE	0 -> [0,2,"WebDriver:Navigate",{"url":"http://lists.ga"}]
1541676365785	Marionette	DEBUG	[4294967297] Received DOM event beforeunload for about:blank
1541676365862	Marionette	DEBUG	[4294967297] Received DOM event pagehide for about:blank
1541676365957	Marionette	DEBUG	[4294967297] Received DOM event DOMContentLoaded for http://lists.ga/
1541676366167	Marionette	DEBUG	[4294967297] Received DOM event pageshow for http://lists.ga/
1541676366174	Marionette	TRACE	0 <- [1,2,null,{"value":null}]
1541676366243	Marionette	TRACE	0 -> [0,3,"WebDriver:SetWindowRect",{"height":768,"width":1024,"x":null,"y":null}]
1541676366617	Marionette	TRACE	0 <- [1,3,null,{"x":95,"y":55,"width":1024,"height":768,"state":"normal"}]
1541676366623	Marionette	TRACE	0 -> [0,4,"WebDriver:FindElement",{"using":"css selector","value":"[id=\"id_new_item\"]"}]
1541676366629	Marionette	TRACE	0 <- [1,4,null,{"value":{"element-6066-11e4-a52e-4f735466cecf":"66af74e5-d708-41e4-8f1f-143e034489a0"}}]
1541676366633	Marionette	TRACE	0 -> [0,5,"WebDriver:GetElementRect",{"id":"66af74e5-d708-41e4-8f1f-143e034489a0"}]
1541676366636	Marionette	TRACE	0 <- [1,5,null,{"x":329.5,"y":216.60000610351562,"width":365,"height":46}]
1541676366641	Marionette	TRACE	0 -> [0,6,"WebDriver:GetElementRect",{"id":"66af74e5-d708-41e4-8f1f-143e034489a0"}]
1541676366645	Marionette	TRACE	0 <- [1,6,null,{"x":329.5,"y":216.60000610351562,"width":365,"height":46}]
1541676366649	Marionette	TRACE	0 -> [0,7,"WebDriver:ElementSendKeys",{"id":"66af74e5-d708-41e4-8f1f-143e034489a0","text":"testing","value":["t","e","s","t","i","n","g"]}]
1541676366672	Marionette	TRACE	0 <- [1,7,null,{"value":null}]
1541676366676	Marionette	TRACE	0 -> [0,8,"WebDriver:ElementSendKeys",{"id":"66af74e5-d708-41e4-8f1f-143e034489a0","text":"","value":[""]}]
1541676366718	Marionette	TRACE	0 <- [1,8,null,{"value":null}]
1541676366785	Marionette	TRACE	0 -> [0,9,"WebDriver:FindElement",{"using":"css selector","value":"[id=\"id_list_table\"]"}]
1541676366802	Marionette	TRACE	0 <- [1,9,{"error":"no such element","message":"Unable to locate element: [id=\"id_list_table\"]","stacktrace":"WebDriverError@chr ... entError@chrome://marionette/content/error.js:388:5\nelement.find/</<@chrome://marionette/content/element.js:339:16\n"},null]
1541676367327	Marionette	TRACE	0 -> [0,10,"WebDriver:FindElement",{"using":"css selector","value":"[id=\"id_list_table\"]"}]
1541676367334	Marionette	TRACE	0 <- [1,10,null,{"value":{"element-6066-11e4-a52e-4f735466cecf":"e1690c14-9b5b-4e7a-8d11-53e7ab70f3fa"}}]
1541676367340	Marionette	TRACE	0 -> [0,11,"WebDriver:FindElements",{"element":"e1690c14-9b5b-4e7a-8d11-53e7ab70f3fa","using":"css selector","value":"tr"}]
1541676367347	Marionette	TRACE	0 <- [1,11,null,[{"element-6066-11e4-a52e-4f735466cecf":"7bfca3ce-c050-4891-8ab9-bc98a17f85ad"}]]
1541676367352	Marionette	TRACE	0 -> [0,12,"WebDriver:GetElementText",{"id":"7bfca3ce-c050-4891-8ab9-bc98a17f85ad"}]
1541676367382	Marionette	TRACE	0 <- [1,12,null,{"value":"1: testing"}]
1541676367386	Marionette	TRACE	0 -> [0,13,"WebDriver:FindElement",{"using":"css selector","value":"[id=\"id_new_item\"]"}]
1541676367393	Marionette	TRACE	0 <- [1,13,null,{"value":{"element-6066-11e4-a52e-4f735466cecf":"fddae9b3-bcca-435d-9596-cba6062057e7"}}]
1541676367398	Marionette	TRACE	0 -> [0,14,"WebDriver:GetElementRect",{"id":"fddae9b3-bcca-435d-9596-cba6062057e7"}]
1541676367403	Marionette	TRACE	0 <- [1,14,null,{"x":329.5,"y":216.60000610351562,"width":365,"height":46}]
1541676367407	Marionette	TRACE	0 -> [0,15,"WebDriver:GetElementRect",{"id":"fddae9b3-bcca-435d-9596-cba6062057e7"}]
1541676367411	Marionette	TRACE	0 <- [1,15,null,{"x":329.5,"y":216.60000610351562,"width":365,"height":46}]
1541676367415	Marionette	TRACE	0 -> [0,16,"Marionette:Quit",{"flags":["eForceQuit"]}]
1541676367417	Marionette	INFO	Stopped listening on port 37643
1541676367550	Marionette	TRACE	0 <- [1,16,null,{"cause":"shutdown"}]
1541676367614	Marionette	TRACE	0 -> [0,17,"Marionette:Quit",{"flags":["eForceQuit"]}]
1541676367617	Marionette	TRACE	0 <- [1,17,{"error":"invalid session id","message":"Tried to run command without establishing a connection","stacktrace":"WebDrive ... et@chrome://marionette/content/server.js:245:8\n_onJSONObjectReady/<@chrome://marionette/content/transport.js:490:9\n"},null]
1541676367696	Marionette	DEBUG	Closed connection 0
1541676368023	Marionette	DEBUG	Received observer notification xpcom-will-shutdown
1541676368024	Marionette	DEBUG	Resetting recommended pref app.update.disabledForTesting
1541676368026	Marionette	DEBUG	Resetting recommended pref security.turn_off_all_security_so_that_viruses_can_take_over_this_computer
1541676368026	Marionette	DEBUG	Resetting recommended pref apz.content_response_timeout
1541676368027	Marionette	DEBUG	Resetting recommended pref browser.download.panel.shown
1541676368027	Marionette	DEBUG	Resetting recommended pref browser.pagethumbnails.capturing_disabled
1541676368029	Marionette	DEBUG	Resetting recommended pref browser.search.update
1541676368030	Marionette	DEBUG	Resetting recommended pref toolkit.cosmeticAnimations.enabled
1541676368030	Marionette	DEBUG	Resetting recommended pref browser.tabs.disableBackgroundZombification
1541676368030	Marionette	DEBUG	Resetting recommended pref browser.tabs.warnOnCloseOtherTabs
1541676368031	Marionette	DEBUG	Resetting recommended pref browser.tabs.warnOnOpen
1541676368031	Marionette	DEBUG	Resetting recommended pref browser.usedOnWindows10.introURL
1541676368031	Marionette	DEBUG	Resetting recommended pref browser.urlbar.suggest.searches
1541676368032	Marionette	DEBUG	Resetting recommended pref datareporting.policy.dataSubmissionPolicyAccepted
1541676368032	Marionette	DEBUG	Resetting recommended pref dom.disable_beforeunload
1541676368033	Marionette	DEBUG	Resetting recommended pref dom.disable_open_during_load
1541676368034	Marionette	DEBUG	Resetting recommended pref dom.file.createInChild
1541676368037	Marionette	DEBUG	Resetting recommended pref dom.max_chrome_script_run_time
1541676368041	Marionette	DEBUG	Resetting recommended pref dom.max_script_run_time
1541676368042	Marionette	DEBUG	Resetting recommended pref extensions.getAddons.cache.enabled
1541676368042	Marionette	DEBUG	Resetting recommended pref extensions.webservice.discoverURL
1541676368042	Marionette	DEBUG	Resetting recommended pref network.http.prompt-temp-redirect
1541676368042	Marionette	DEBUG	Resetting recommended pref network.http.speculative-parallel-limit
1541676368042	Marionette	DEBUG	Resetting recommended pref security.fileuri.strict_origin_policy
1541676368042	Marionette	DEBUG	Resetting recommended pref security.notification_enable_delay
1541676368042	Marionette	DEBUG	Resetting recommended pref signon.autofillForms
1541676368043	Marionette	DEBUG	Resetting recommended pref signon.rememberSignons
1541676368043	Marionette	DEBUG	Remote service is inactive
1541676368603	geckodriver	INFO	geckodriver 0.21.0
1541676368612	geckodriver	INFO	Listening on 127.0.0.1:57981
1541676369616	mozrunner::runner	INFO	Running command: "/usr/bin/firefox" "-marionette" "-foreground" "-no-remote" "-profile" "/tmp/rust_mozprofile.jTzghFQuwz7C"
1541676370804	Marionette	DEBUG	Received observer notification profile-after-change
1541676370909	Marionette	DEBUG	Received observer notification command-line-startup
1541676370911	Marionette	DEBUG	Received observer notification nsPref:changed
1541676370912	Marionette	DEBUG	Init aborted (running=false, enabled=true, finalUIStartup=false)

(firefox:3706): Gtk-WARNING **: 11:26:10.961: Theme parsing error: <data>:1:34: Expected ')' in color definition

(firefox:3706): Gtk-WARNING **: 11:26:10.961: Theme parsing error: <data>:1:77: Expected ')' in color definition
1541676371244	Marionette	DEBUG	Received observer notification toplevel-window-ready
1541676373357	Marionette	DEBUG	Received observer notification sessionstore-windows-restored
1541676373358	Marionette	DEBUG	Waiting for delayed startup...
1541676374411	Marionette	DEBUG	Setting recommended pref app.update.disabledForTesting to true
1541676374415	Marionette	DEBUG	Setting recommended pref security.turn_off_all_security_so_that_viruses_can_take_over_this_computer to true
1541676374419	Marionette	DEBUG	Setting recommended pref apz.content_response_timeout to 60000
1541676374421	Marionette	DEBUG	Setting recommended pref browser.download.panel.shown to true
1541676374424	Marionette	DEBUG	Setting recommended pref browser.pagethumbnails.capturing_disabled to true
1541676374427	Marionette	DEBUG	Setting recommended pref browser.search.update to false
1541676374429	Marionette	DEBUG	Setting recommended pref toolkit.cosmeticAnimations.enabled to false
1541676374433	Marionette	DEBUG	Setting recommended pref browser.tabs.disableBackgroundZombification to false
1541676374434	Marionette	DEBUG	Setting recommended pref browser.tabs.warnOnCloseOtherTabs to false
1541676374438	Marionette	DEBUG	Setting recommended pref browser.tabs.warnOnOpen to false
1541676374440	Marionette	DEBUG	Setting recommended pref browser.usedOnWindows10.introURL to 
1541676374441	Marionette	DEBUG	Setting recommended pref browser.urlbar.suggest.searches to false
1541676374445	Marionette	DEBUG	Setting recommended pref datareporting.policy.dataSubmissionPolicyAccepted to false
1541676374448	Marionette	DEBUG	Setting recommended pref dom.disable_beforeunload to true
1541676374450	Marionette	DEBUG	Setting recommended pref dom.disable_open_during_load to false
1541676374451	Marionette	DEBUG	Setting recommended pref dom.file.createInChild to true
1541676374453	Marionette	DEBUG	Setting recommended pref dom.max_chrome_script_run_time to 0
1541676374455	Marionette	DEBUG	Setting recommended pref dom.max_script_run_time to 0
1541676374456	Marionette	DEBUG	Setting recommended pref extensions.getAddons.cache.enabled to false
1541676374456	Marionette	DEBUG	Setting recommended pref extensions.webservice.discoverURL to http://%(server)s/dummy/discoveryURL
1541676374457	Marionette	DEBUG	Setting recommended pref network.http.prompt-temp-redirect to false
1541676374457	Marionette	DEBUG	Setting recommended pref network.http.speculative-parallel-limit to 0
1541676374457	Marionette	DEBUG	Setting recommended pref security.fileuri.strict_origin_policy to false
1541676374457	Marionette	DEBUG	Setting recommended pref security.notification_enable_delay to 0
1541676374458	Marionette	DEBUG	Setting recommended pref signon.autofillForms to false
1541676374459	Marionette	DEBUG	Setting recommended pref signon.rememberSignons to false
1541676374576	Marionette	INFO	Listening on port 45329
1541676374578	Marionette	DEBUG	Remote service is active
1541676374652	Marionette	DEBUG	Accepted connection 0 from 127.0.0.1:52156
1541676374656	Marionette	TRACE	0 -> [0,1,"WebDriver:NewSession",{"acceptInsecureCerts":true,"browserName":"firefox","capabilities":{"desiredCapabilities":{"acceptInsecureCerts":true,"browserName":"firefox"}}}]
1541676374657	Marionette	WARN	TLS certificate errors will be ignored for this session
1541676374836	Marionette	DEBUG	[4294967297] Frame script loaded
1541676374840	Marionette	DEBUG	[4294967297] Frame script registered
1541676374849	Marionette	TRACE	0 <- [1,1,null,{"sessionId":"d864bde0-3805-4993-9587-3e2a8a36b5c2","capabilities":{"browserName":"firefox","browserVersion":"63.0" ... alse,"moz:webdriverClick":true,"capabilities":{"desiredCapabilities":{"acceptInsecureCerts":true,"browserName":"firefox"}}}}]
1541676374858	Marionette	TRACE	0 -> [0,2,"WebDriver:Navigate",{"url":"http://lists.ga"}]
1541676374878	Marionette	DEBUG	[4294967297] Received DOM event beforeunload for about:blank
1541676374988	Marionette	DEBUG	[4294967297] Received DOM event pagehide for about:blank
1541676375157	Marionette	DEBUG	[4294967297] Received DOM event DOMContentLoaded for http://lists.ga/
1541676375345	Marionette	DEBUG	[4294967297] Received DOM event pageshow for http://lists.ga/
1541676375375	Marionette	TRACE	0 <- [1,2,null,{"value":null}]
1541676375398	Marionette	TRACE	0 -> [0,3,"WebDriver:FindElement",{"using":"css selector","value":"[id=\"id_new_item\"]"}]
1541676375413	Marionette	TRACE	0 <- [1,3,null,{"value":{"element-6066-11e4-a52e-4f735466cecf":"43f0ee40-39c2-4d6a-8bef-1ba49b95304e"}}]
1541676375440	Marionette	TRACE	0 -> [0,4,"WebDriver:ElementSendKeys",{"id":"43f0ee40-39c2-4d6a-8bef-1ba49b95304e","text":"Купить павлиньи перья","value":["К","у","п","и","т","ь"," ","п","а","в","л","и","н","ь","и"," ","п","е","р","ь","я"]}]
1541676375494	Marionette	TRACE	0 <- [1,4,null,{"value":null}]
1541676375500	Marionette	TRACE	0 -> [0,5,"WebDriver:ElementSendKeys",{"id":"43f0ee40-39c2-4d6a-8bef-1ba49b95304e","text":"","value":[""]}]
1541676375592	Marionette	TRACE	0 <- [1,5,null,{"value":null}]
1541676375611	Marionette	TRACE	0 -> [0,6,"WebDriver:FindElement",{"using":"css selector","value":"[id=\"id_list_table\"]"}]
1541676375662	Marionette	TRACE	0 <- [1,6,{"error":"no such element","message":"Unable to locate element: [id=\"id_list_table\"]","stacktrace":"WebDriverError@chr ... entError@chrome://marionette/content/error.js:388:5\nelement.find/</<@chrome://marionette/content/element.js:339:16\n"},null]
1541676376176	Marionette	TRACE	0 -> [0,7,"WebDriver:FindElement",{"using":"css selector","value":"[id=\"id_list_table\"]"}]
1541676376181	Marionette	TRACE	0 <- [1,7,null,{"value":{"element-6066-11e4-a52e-4f735466cecf":"3b7f0a6b-6b9a-4aa2-b509-97b2bc522d14"}}]
1541676376186	Marionette	TRACE	0 -> [0,8,"WebDriver:FindElements",{"element":"3b7f0a6b-6b9a-4aa2-b509-97b2bc522d14","using":"css selector","value":"tr"}]
1541676376190	Marionette	TRACE	0 <- [1,8,null,[{"element-6066-11e4-a52e-4f735466cecf":"ec9b38d0-28c4-43ba-b1c5-935cb53434b8"}]]
1541676376194	Marionette	TRACE	0 -> [0,9,"WebDriver:GetElementText",{"id":"ec9b38d0-28c4-43ba-b1c5-935cb53434b8"}]
1541676376222	Marionette	TRACE	0 <- [1,9,null,{"value":"1: Купить павлиньи перья"}]
1541676376227	Marionette	TRACE	0 -> [0,10,"WebDriver:GetCurrentURL",{}]
1541676376229	Marionette	TRACE	0 <- [1,10,null,{"value":"http://lists.ga/lists/29/"}]
1541676376236	Marionette	TRACE	0 -> [0,11,"Marionette:Quit",{"flags":["eForceQuit"]}]
1541676376239	Marionette	INFO	Stopped listening on port 45329
1541676376399	Marionette	TRACE	0 <- [1,11,null,{"cause":"shutdown"}]
1541676376486	Marionette	TRACE	0 -> [0,12,"Marionette:Quit",{"flags":["eForceQuit"]}]
1541676376493	Marionette	TRACE	0 <- [1,12,{"error":"invalid session id","message":"Tried to run command without establishing a connection","stacktrace":"WebDrive ... et@chrome://marionette/content/server.js:245:8\n_onJSONObjectReady/<@chrome://marionette/content/transport.js:490:9\n"},null]
1541676376537	Marionette	DEBUG	Closed connection 0
[Parent 3706, Gecko_IOThread] WARNING: pipe error (76): Соединение разорвано другой стороной: file /build/firefox-4VfQCB/firefox-63.0+build2/ipc/chromium/src/chrome/common/ipc_channel_posix.cc, line 356
[Parent 3706, Gecko_IOThread] WARNING: pipe error (79): Соединение разорвано другой стороной: file /build/firefox-4VfQCB/firefox-63.0+build2/ipc/chromium/src/chrome/common/ipc_channel_posix.cc, line 356
1541676376833	Marionette	DEBUG	Received observer notification xpcom-will-shutdown
1541676376833	Marionette	DEBUG	Resetting recommended pref app.update.disabledForTesting
1541676376833	Marionette	DEBUG	Resetting recommended pref security.turn_off_all_security_so_that_viruses_can_take_over_this_computer
1541676376834	Marionette	DEBUG	Resetting recommended pref apz.content_response_timeout
1541676376834	Marionette	DEBUG	Resetting recommended pref browser.download.panel.shown
1541676376834	Marionette	DEBUG	Resetting recommended pref browser.pagethumbnails.capturing_disabled
1541676376834	Marionette	DEBUG	Resetting recommended pref browser.search.update
1541676376834	Marionette	DEBUG	Resetting recommended pref toolkit.cosmeticAnimations.enabled
1541676376835	Marionette	DEBUG	Resetting recommended pref browser.tabs.disableBackgroundZombification
1541676376835	Marionette	DEBUG	Resetting recommended pref browser.tabs.warnOnCloseOtherTabs
1541676376835	Marionette	DEBUG	Resetting recommended pref browser.tabs.warnOnOpen
1541676376835	Marionette	DEBUG	Resetting recommended pref browser.usedOnWindows10.introURL
1541676376835	Marionette	DEBUG	Resetting recommended pref browser.urlbar.suggest.searches
1541676376836	Marionette	DEBUG	Resetting recommended pref datareporting.policy.dataSubmissionPolicyAccepted
1541676376836	Marionette	DEBUG	Resetting recommended pref dom.disable_beforeunload
1541676376836	Marionette	DEBUG	Resetting recommended pref dom.disable_open_during_load
1541676376836	Marionette	DEBUG	Resetting recommended pref dom.file.createInChild
1541676376836	Marionette	DEBUG	Resetting recommended pref dom.max_chrome_script_run_time
1541676376837	Marionette	DEBUG	Resetting recommended pref dom.max_script_run_time
1541676376837	Marionette	DEBUG	Resetting recommended pref extensions.getAddons.cache.enabled
1541676376837	Marionette	DEBUG	Resetting recommended pref extensions.webservice.discoverURL
1541676376837	Marionette	DEBUG	Resetting recommended pref network.http.prompt-temp-redirect
1541676376837	Marionette	DEBUG	Resetting recommended pref network.http.speculative-parallel-limit
1541676376838	Marionette	DEBUG	Resetting recommended pref security.fileuri.strict_origin_policy
1541676376838	Marionette	DEBUG	Resetting recommended pref security.notification_enable_delay
1541676376838	Marionette	DEBUG	Resetting recommended pref signon.autofillForms
1541676376838	Marionette	DEBUG	Resetting recommended pref signon.rememberSignons
1541676376838	Marionette	DEBUG	Remote service is inactive
1541676377419	geckodriver	INFO	geckodriver 0.21.0
1541676377428	geckodriver	INFO	Listening on 127.0.0.1:49879
1541676378436	mozrunner::runner	INFO	Running command: "/usr/bin/firefox" "-marionette" "-foreground" "-no-remote" "-profile" "/tmp/rust_mozprofile.sgbmx6szJcR5"
1541676379722	Marionette	DEBUG	Received observer notification profile-after-change
1541676379810	Marionette	DEBUG	Received observer notification command-line-startup
1541676379812	Marionette	DEBUG	Received observer notification nsPref:changed
1541676379813	Marionette	DEBUG	Init aborted (running=false, enabled=true, finalUIStartup=false)

(firefox:3952): Gtk-WARNING **: 11:26:19.903: Theme parsing error: <data>:1:34: Expected ')' in color definition

(firefox:3952): Gtk-WARNING **: 11:26:19.905: Theme parsing error: <data>:1:77: Expected ')' in color definition
1541676380336	Marionette	DEBUG	Received observer notification toplevel-window-ready
1541676382505	Marionette	DEBUG	Received observer notification sessionstore-windows-restored
1541676382506	Marionette	DEBUG	Waiting for delayed startup...
1541676383475	Marionette	DEBUG	Setting recommended pref app.update.disabledForTesting to true
1541676383476	Marionette	DEBUG	Setting recommended pref security.turn_off_all_security_so_that_viruses_can_take_over_this_computer to true
1541676383477	Marionette	DEBUG	Setting recommended pref apz.content_response_timeout to 60000
1541676383477	Marionette	DEBUG	Setting recommended pref browser.download.panel.shown to true
1541676383478	Marionette	DEBUG	Setting recommended pref browser.pagethumbnails.capturing_disabled to true
1541676383479	Marionette	DEBUG	Setting recommended pref browser.search.update to false
1541676383479	Marionette	DEBUG	Setting recommended pref toolkit.cosmeticAnimations.enabled to false
1541676383481	Marionette	DEBUG	Setting recommended pref browser.tabs.disableBackgroundZombification to false
1541676383482	Marionette	DEBUG	Setting recommended pref browser.tabs.warnOnCloseOtherTabs to false
1541676383483	Marionette	DEBUG	Setting recommended pref browser.tabs.warnOnOpen to false
1541676383483	Marionette	DEBUG	Setting recommended pref browser.usedOnWindows10.introURL to 
1541676383483	Marionette	DEBUG	Setting recommended pref browser.urlbar.suggest.searches to false
1541676383486	Marionette	DEBUG	Setting recommended pref datareporting.policy.dataSubmissionPolicyAccepted to false
1541676383486	Marionette	DEBUG	Setting recommended pref dom.disable_beforeunload to true
1541676383487	Marionette	DEBUG	Setting recommended pref dom.disable_open_during_load to false
1541676383487	Marionette	DEBUG	Setting recommended pref dom.file.createInChild to true
1541676383487	Marionette	DEBUG	Setting recommended pref dom.max_chrome_script_run_time to 0
1541676383487	Marionette	DEBUG	Setting recommended pref dom.max_script_run_time to 0
1541676383489	Marionette	DEBUG	Setting recommended pref extensions.getAddons.cache.enabled to false
1541676383489	Marionette	DEBUG	Setting recommended pref extensions.webservice.discoverURL to http://%(server)s/dummy/discoveryURL
1541676383491	Marionette	DEBUG	Setting recommended pref network.http.prompt-temp-redirect to false
1541676383491	Marionette	DEBUG	Setting recommended pref network.http.speculative-parallel-limit to 0
1541676383491	Marionette	DEBUG	Setting recommended pref security.fileuri.strict_origin_policy to false
1541676383492	Marionette	DEBUG	Setting recommended pref security.notification_enable_delay to 0
1541676383492	Marionette	DEBUG	Setting recommended pref signon.autofillForms to false
1541676383493	Marionette	DEBUG	Setting recommended pref signon.rememberSignons to false
1541676383617	Marionette	INFO	Listening on port 44149
1541676383618	Marionette	DEBUG	Remote service is active
1541676383696	Marionette	DEBUG	Accepted connection 0 from 127.0.0.1:48280
1541676383701	Marionette	TRACE	0 -> [0,1,"WebDriver:NewSession",{"acceptInsecureCerts":true,"browserName":"firefox","capabilities":{"desiredCapabilities":{"acceptInsecureCerts":true,"browserName":"firefox"}}}]
1541676383702	Marionette	WARN	TLS certificate errors will be ignored for this session
1541676383799	Marionette	DEBUG	[4294967297] Frame script loaded
1541676383803	Marionette	DEBUG	[4294967297] Frame script registered
1541676383823	Marionette	TRACE	0 <- [1,1,null,{"sessionId":"33f8e717-8190-4bfc-aaa9-46743dac24aa","capabilities":{"browserName":"firefox","browserVersion":"63.0" ... alse,"moz:webdriverClick":true,"capabilities":{"desiredCapabilities":{"acceptInsecureCerts":true,"browserName":"firefox"}}}}]
1541676383832	Marionette	TRACE	0 -> [0,2,"WebDriver:Navigate",{"url":"http://lists.ga"}]
1541676383867	Marionette	DEBUG	[4294967297] Received DOM event beforeunload for about:blank
1541676383954	Marionette	DEBUG	[4294967297] Received DOM event pagehide for about:blank
1541676384010	Marionette	DEBUG	[4294967297] Received DOM event DOMContentLoaded for http://lists.ga/
1541676384320	Marionette	DEBUG	[4294967297] Received DOM event pageshow for http://lists.ga/
1541676384386	Marionette	TRACE	0 <- [1,2,null,{"value":null}]
1541676384426	Marionette	TRACE	0 -> [0,3,"WebDriver:FindElement",{"using":"css selector","value":"body"}]
1541676384487	Marionette	TRACE	0 <- [1,3,null,{"value":{"element-6066-11e4-a52e-4f735466cecf":"fb6fab11-8d69-49f8-a848-0b1d20471a5d"}}]
1541676384523	Marionette	TRACE	0 -> [0,4,"WebDriver:GetElementText",{"id":"fb6fab11-8d69-49f8-a848-0b1d20471a5d"}]
1541676384606	Marionette	TRACE	0 <- [1,4,null,{"value":"Start a new To-Do list"}]
1541676384619	Marionette	TRACE	0 -> [0,5,"WebDriver:FindElement",{"using":"css selector","value":"[id=\"id_new_item\"]"}]
1541676384624	Marionette	TRACE	0 <- [1,5,null,{"value":{"element-6066-11e4-a52e-4f735466cecf":"85344149-75ae-4930-8045-daf2f4609eb4"}}]
1541676384630	Marionette	TRACE	0 -> [0,6,"WebDriver:ElementSendKeys",{"id":"85344149-75ae-4930-8045-daf2f4609eb4","text":"Купить молоко","value":["К","у","п","и","т","ь"," ","м","о","л","о","к","о"]}]
1541676384730	Marionette	TRACE	0 <- [1,6,null,{"value":null}]
1541676384737	Marionette	TRACE	0 -> [0,7,"WebDriver:ElementSendKeys",{"id":"85344149-75ae-4930-8045-daf2f4609eb4","text":"","value":[""]}]
1541676384799	Marionette	TRACE	0 <- [1,7,null,{"value":null}]
1541676384805	Marionette	TRACE	0 -> [0,8,"WebDriver:FindElement",{"using":"css selector","value":"[id=\"id_list_table\"]"}]
1541676384830	Marionette	TRACE	0 <- [1,8,{"error":"no such element","message":"Unable to locate element: [id=\"id_list_table\"]","stacktrace":"WebDriverError@chr ... entError@chrome://marionette/content/error.js:388:5\nelement.find/</<@chrome://marionette/content/element.js:339:16\n"},null]
1541676385351	Marionette	TRACE	0 -> [0,9,"WebDriver:FindElement",{"using":"css selector","value":"[id=\"id_list_table\"]"}]
1541676385356	Marionette	TRACE	0 <- [1,9,null,{"value":{"element-6066-11e4-a52e-4f735466cecf":"cdd483e5-80e1-4a1d-a245-cf8d6e6f6f51"}}]
1541676385360	Marionette	TRACE	0 -> [0,10,"WebDriver:FindElements",{"element":"cdd483e5-80e1-4a1d-a245-cf8d6e6f6f51","using":"css selector","value":"tr"}]
1541676385367	Marionette	TRACE	0 <- [1,10,null,[{"element-6066-11e4-a52e-4f735466cecf":"9fc55323-4889-4c0d-8f67-273138e83ee2"}]]
1541676385373	Marionette	TRACE	0 -> [0,11,"WebDriver:GetElementText",{"id":"9fc55323-4889-4c0d-8f67-273138e83ee2"}]
1541676385389	Marionette	TRACE	0 <- [1,11,null,{"value":"1: Купить молоко"}]
1541676385395	Marionette	TRACE	0 -> [0,12,"WebDriver:GetCurrentURL",{}]
1541676385398	Marionette	TRACE	0 <- [1,12,null,{"value":"http://lists.ga/lists/30/"}]
1541676385402	Marionette	TRACE	0 -> [0,13,"WebDriver:FindElement",{"using":"css selector","value":"body"}]
1541676385407	Marionette	TRACE	0 <- [1,13,null,{"value":{"element-6066-11e4-a52e-4f735466cecf":"0eab4838-acb3-4a8d-8a69-3d367be8096f"}}]
1541676385409	Marionette	TRACE	0 -> [0,14,"WebDriver:GetElementText",{"id":"0eab4838-acb3-4a8d-8a69-3d367be8096f"}]
1541676385501	Marionette	TRACE	0 <- [1,14,null,{"value":"Your To-do list\n1: Купить молоко"}]
1541676385504	Marionette	TRACE	0 -> [0,15,"Marionette:Quit",{"flags":["eForceQuit"]}]
1541676385504	Marionette	INFO	Stopped listening on port 44149
1541676385720	Marionette	TRACE	0 <- [1,15,null,{"cause":"shutdown"}]
1541676385875	Marionette	TRACE	0 -> [0,16,"Marionette:Quit",{"flags":["eForceQuit"]}]
1541676385878	Marionette	TRACE	0 <- [1,16,{"error":"invalid session id","message":"Tried to run command without establishing a connection","stacktrace":"WebDrive ... et@chrome://marionette/content/server.js:245:8\n_onJSONObjectReady/<@chrome://marionette/content/transport.js:490:9\n"},null]
1541676385955	Marionette	DEBUG	Closed connection 0
1541676386215	Marionette	DEBUG	Received observer notification xpcom-will-shutdown
1541676386216	Marionette	DEBUG	Resetting recommended pref app.update.disabledForTesting
1541676386217	Marionette	DEBUG	Resetting recommended pref security.turn_off_all_security_so_that_viruses_can_take_over_this_computer
1541676386218	Marionette	DEBUG	Resetting recommended pref apz.content_response_timeout
1541676386218	Marionette	DEBUG	Resetting recommended pref browser.download.panel.shown
1541676386218	Marionette	DEBUG	Resetting recommended pref browser.pagethumbnails.capturing_disabled
1541676386218	Marionette	DEBUG	Resetting recommended pref browser.search.update
1541676386218	Marionette	DEBUG	Resetting recommended pref toolkit.cosmeticAnimations.enabled
1541676386219	Marionette	DEBUG	Resetting recommended pref browser.tabs.disableBackgroundZombification
1541676386219	Marionette	DEBUG	Resetting recommended pref browser.tabs.warnOnCloseOtherTabs
1541676386219	Marionette	DEBUG	Resetting recommended pref browser.tabs.warnOnOpen
1541676386220	Marionette	DEBUG	Resetting recommended pref browser.usedOnWindows10.introURL
1541676386220	Marionette	DEBUG	Resetting recommended pref browser.urlbar.suggest.searches
1541676386220	Marionette	DEBUG	Resetting recommended pref datareporting.policy.dataSubmissionPolicyAccepted
1541676386220	Marionette	DEBUG	Resetting recommended pref dom.disable_beforeunload
1541676386220	Marionette	DEBUG	Resetting recommended pref dom.disable_open_during_load
1541676386221	Marionette	DEBUG	Resetting recommended pref dom.file.createInChild
1541676386221	Marionette	DEBUG	Resetting recommended pref dom.max_chrome_script_run_time
1541676386221	Marionette	DEBUG	Resetting recommended pref dom.max_script_run_time
1541676386221	Marionette	DEBUG	Resetting recommended pref extensions.getAddons.cache.enabled
1541676386221	Marionette	DEBUG	Resetting recommended pref extensions.webservice.discoverURL
1541676386221	Marionette	DEBUG	Resetting recommended pref network.http.prompt-temp-redirect
1541676386221	Marionette	DEBUG	Resetting recommended pref network.http.speculative-parallel-limit
1541676386222	Marionette	DEBUG	Resetting recommended pref security.fileuri.strict_origin_policy
1541676386222	Marionette	DEBUG	Resetting recommended pref security.notification_enable_delay
1541676386222	Marionette	DEBUG	Resetting recommended pref signon.autofillForms
1541676386222	Marionette	DEBUG	Resetting recommended pref signon.rememberSignons
1541676386222	Marionette	DEBUG	Remote service is inactive
